<?xml version="1.0" encoding="UTF-8"?>
<!-- Generated by org.testng.reporters.JUnitXMLReporter -->
<testsuite hostname="mrogers40-PC" ignored="0" name="Test" tests="121" failures="11" timestamp="30 Apr 2017 07:28:13 GMT" time="27.076" errors="0">
  <testcase name="testGetAvailableCards" time="0.031" classname="test.ColumnTest"/>
  <testcase name="testIsValidMove" time="0.002" classname="test.ColumnTest"/>
  <testcase name="testPush" time="0.001" classname="test.ColumnTest"/>
  <testcase name="testStackIsValidMove" time="0.002" classname="test.ColumnTest"/>
  <testcase name="SolitairePanel on test.SolitairePanelTest[,0,0,0x0,invalid,layout=java.awt.FlowLayout,alignmentX=0.0,alignmentY=0.0,border=,flags=9,maximumSize=,minimumSize=,preferredSize=]" time="0.002" classname="test.SolitairePanelTest"/>
  <testcase name="changeBackground on test.SolitairePanelTest[,0,0,0x0,invalid,layout=java.awt.FlowLayout,alignmentX=0.0,alignmentY=0.0,border=,flags=9,maximumSize=,minimumSize=,preferredSize=]" time="0.025" classname="test.SolitairePanelTest"/>
  <testcase name="paintComponent on test.SolitairePanelTest[,0,0,0x0,invalid,layout=java.awt.FlowLayout,alignmentX=0.0,alignmentY=0.0,border=,flags=9,maximumSize=,minimumSize=,preferredSize=]" time="0.002" classname="test.SolitairePanelTest"/>
  <testcase name="testDeck" time="0.002" classname="test.DeckTest"/>
  <testcase name="testGetDeck" time="0.004" classname="test.DeckTest"/>
  <testcase name="testGetDeckLinkedListOfInteger" time="0.014" classname="test.DeckTest"/>
  <testcase name="testGetDeckNumber" time="0.002" classname="test.DeckTest"/>
  <testcase name="testShuffle" time="0.001" classname="test.DeckTest"/>
  <testcase name="testAddCard" time="0.006" classname="test.CardStackTest"/>
  <testcase name="testAddStack" time="0.002" classname="test.CardStackTest"/>
  <testcase name="testGetAvailableCards" time="0.018" classname="test.CardStackTest"/>
  <testcase name="testGetBottom" time="0.018" classname="test.CardStackTest"/>
  <testcase name="testGetCardAtLocationIntIndex" time="0.014" classname="test.CardStackTest"/>
  <testcase name="testGetCardAtLocationPoint" time="0.002" classname="test.CardStackTest"/>
  <testcase name="testGetStackCard" time="0.04" classname="test.CardStackTest"/>
  <testcase name="testGetStackInt" time="0.016" classname="test.CardStackTest"/>
  <testcase name="testIsEmpty" time="0.005" classname="test.CardStackTest"/>
  <testcase name="testIsValidMoveCard" time="0.005" classname="test.CardStackTest"/>
  <testcase name="testIsValidMoveCardStack" time="0.001" classname="test.CardStackTest"/>
  <testcase name="testLength" time="0.006" classname="test.CardStackTest"/>
  <testcase name="testPeek" time="0.01" classname="test.CardStackTest"/>
  <testcase name="testPop" time="0.006" classname="test.CardStackTest"/>
  <testcase name="testPopCardStack" time="0.001" classname="test.CardStackTest"/>
  <testcase name="testPushCard" time="0.007" classname="test.CardStackTest"/>
  <testcase name="testPushCardStack" time="0.009" classname="test.CardStackTest"/>
  <testcase name="testSearch" time="0.016" classname="test.CardStackTest"/>
  <testcase name="FourRowSolitaire" time="0.582" classname="test.FourRowSolitaireTest"/>
  <testcase name="actionPerformed" time="0.021" classname="test.FourRowSolitaireTest"/>
  <testcase name="checkForUpdate" time="0.675" classname="test.FourRowSolitaireTest"/>
  <testcase name="loadData" time="0.611" classname="test.FourRowSolitaireTest"/>
  <testcase name="main" time="0.789" classname="test.FourRowSolitaireTest"/>
  <testcase name="DiscardPile" time="0.002" classname="test.DiscardPileTest"/>
  <testcase name="addCard" time="0.005" classname="test.DiscardPileTest"/>
  <testcase name="addStack" time="0.008" classname="test.DiscardPileTest"/>
  <testcase name="isValidMoveCard" time="0.001" classname="test.DiscardPileTest"/>
  <testcase name="isValidMoveCardStack" time="0.002" classname="test.DiscardPileTest"/>
  <testcase name="pop" time="0.001" classname="test.DiscardPileTest"/>
  <testcase name="pushCard" time="0.006" classname="test.DiscardPileTest"/>
  <testcase name="pushCardStack" time="0.007" classname="test.DiscardPileTest"/>
  <testcase name="setView" time="0.002" classname="test.DiscardPileTest"/>
  <testcase name="testGetCardAtLocationPoint" time="0.002" classname="test.DiscardPileTest"/>
  <testcase name="testGetNumViewableCards" time="0.001" classname="test.DiscardPileTest"/>
  <testcase name="testUndoPop" time="0.001" classname="test.DiscardPileTest">
    <failure type="java.lang.RuntimeException" message="Test not implemented">
      <![CDATA[java.lang.RuntimeException: Test not implemented
	at test.DiscardPileTest.testUndoPop(DiscardPileTest.java:133)
... Removed 25 stack frames]]>
    </failure>
  </testcase> <!-- testUndoPop -->
  <testcase name="FireworksDisplay" time="0.001" classname="test.FireworksDisplayTest"/>
  <testcase name="randomColor" time="0.002" classname="test.FireworksDisplayTest"/>
  <testcase name="testGetCardAtLocationPoint" time="0.002" classname="test.SingleCellTest"/>
  <testcase name="testIsValidMoveCard" time="0.001" classname="test.SingleCellTest"/>
  <testcase name="testIsValidMoveCardStack" time="0.002" classname="test.SingleCellTest"/>
  <testcase name="testPushCard" time="0.001" classname="test.SingleCellTest"/>
  <testcase name="cardImageTest" time="0.002" classname="test.CardTest"/>
  <testcase name="cloneTest" time="0.005" classname="test.CardTest"/>
  <testcase name="faceUpTest" time="0.01" classname="test.CardTest"/>
  <testcase name="gettersTest" time="0.0" classname="test.CardTest"/>
  <testcase name="highlightTest" time="0.009" classname="test.CardTest"/>
  <testcase name="test" time="0.064" classname="test.CardTest"/>
  <testcase name="validSuitTest" time="0.001" classname="test.CardTest"/>
  <testcase name="ChangeOptions" time="0.002" classname="test.ChangeOptionsTest">
    <failure type="java.lang.RuntimeException" message="Test not implemented">
      <![CDATA[java.lang.RuntimeException: Test not implemented
	at test.ChangeOptionsTest.ChangeOptions(ChangeOptionsTest.java:27)
... Removed 25 stack frames]]>
    </failure>
  </testcase> <!-- ChangeOptions -->
  <testcase name="actionPerformed" time="0.002" classname="test.ChangeOptionsTest">
    <failure type="java.lang.RuntimeException" message="Test not implemented">
      <![CDATA[java.lang.RuntimeException: Test not implemented
	at test.ChangeOptionsTest.actionPerformed(ChangeOptionsTest.java:32)
... Removed 25 stack frames]]>
    </failure>
  </testcase> <!-- actionPerformed -->
  <testcase name="getAnimation" time="0.001" classname="test.ChangeOptionsTest">
    <failure type="java.lang.RuntimeException" message="Test not implemented">
      <![CDATA[java.lang.RuntimeException: Test not implemented
	at test.ChangeOptionsTest.getAnimation(ChangeOptionsTest.java:37)
... Removed 25 stack frames]]>
    </failure>
  </testcase> <!-- getAnimation -->
  <testcase name="getDifficulty" time="0.001" classname="test.ChangeOptionsTest">
    <failure type="java.lang.RuntimeException" message="Test not implemented">
      <![CDATA[java.lang.RuntimeException: Test not implemented
	at test.ChangeOptionsTest.getDifficulty(ChangeOptionsTest.java:42)
... Removed 25 stack frames]]>
    </failure>
  </testcase> <!-- getDifficulty -->
  <testcase name="getDrawCount" time="0.001" classname="test.ChangeOptionsTest">
    <failure type="java.lang.RuntimeException" message="Test not implemented">
      <![CDATA[java.lang.RuntimeException: Test not implemented
	at test.ChangeOptionsTest.getDrawCount(ChangeOptionsTest.java:47)
... Removed 25 stack frames]]>
    </failure>
  </testcase> <!-- getDrawCount -->
  <testcase name="getSounds" time="0.002" classname="test.ChangeOptionsTest">
    <failure type="java.lang.RuntimeException" message="Test not implemented">
      <![CDATA[java.lang.RuntimeException: Test not implemented
	at test.ChangeOptionsTest.getSounds(ChangeOptionsTest.java:52)
... Removed 25 stack frames]]>
    </failure>
  </testcase> <!-- getSounds -->
  <testcase name="getTimer" time="0.001" classname="test.ChangeOptionsTest">
    <failure type="java.lang.RuntimeException" message="Test not implemented">
      <![CDATA[java.lang.RuntimeException: Test not implemented
	at test.ChangeOptionsTest.getTimer(ChangeOptionsTest.java:57)
... Removed 25 stack frames]]>
    </failure>
  </testcase> <!-- getTimer -->
  <testcase name="setup" time="0.002" classname="test.ChangeOptionsTest">
    <failure type="java.lang.RuntimeException" message="Test not implemented">
      <![CDATA[java.lang.RuntimeException: Test not implemented
	at test.ChangeOptionsTest.setup(ChangeOptionsTest.java:62)
... Removed 25 stack frames]]>
    </failure>
  </testcase> <!-- setup -->
  <testcase name="test_actionPerformed_A$ActionEvent" time="5.992" classname="test.ChangeOptionsTest"/>
  <testcase name="test_instantiation" time="4.54" classname="test.ChangeOptionsTest"/>
  <testcase name="test_type" time="0.001" classname="test.ChangeOptionsTest"/>
  <testcase name="DealDeck" time="0.001" classname="test.DealDeckTest"/>
  <testcase name="getDeckThroughs" time="0.001" classname="test.DealDeckTest"/>
  <testcase name="hasDealsLeft" time="0.811" classname="test.DealDeckTest"/>
  <testcase name="isValidMoveCard" time="0.02" classname="test.DealDeckTest"/>
  <testcase name="isValidMoveCardStack" time="0.02" classname="test.DealDeckTest"/>
  <testcase name="pop" time="0.479" classname="test.DealDeckTest"/>
  <testcase name="reset" time="0.001" classname="test.DealDeckTest"/>
  <testcase name="setDeck" time="0.014" classname="test.DealDeckTest"/>
  <testcase name="setDeckThroughs" time="0.0" classname="test.DealDeckTest"/>
  <testcase name="setDifficulty" time="0.001" classname="test.DealDeckTest"/>
  <testcase name="setDrawCount" time="0.022" classname="test.DealDeckTest"/>
  <testcase name="undoPop" time="0.5" classname="test.DealDeckTest"/>
  <testcase name="ChangeAppearance" time="0.001" classname="test.ChangeAppearanceTest"/>
  <testcase name="actionPerformed" time="0.002" classname="test.ChangeAppearanceTest"/>
  <testcase name="getBackgroundNumber" time="0.001" classname="test.ChangeAppearanceTest"/>
  <testcase name="getDeckNumber" time="0.0" classname="test.ChangeAppearanceTest"/>
  <testcase name="setup" time="0.001" classname="test.ChangeAppearanceTest"/>
  <testcase name="test_instantiation" time="0.536" classname="test.WinScreenTest"/>
  <testcase name="test_type" time="0.001" classname="test.WinScreenTest"/>
  <testcase name="AcePile" time="0.002" classname="test.AcePileTest"/>
  <testcase name="testGetCardAtLocationPoint" time="0.006" classname="test.AcePileTest"/>
  <testcase name="testIsValidMoveCard" time="0.014" classname="test.AcePileTest"/>
  <testcase name="testIsValidMoveCardStack" time="0.001" classname="test.AcePileTest"/>
  <testcase name="testPushCard" time="0.012" classname="test.AcePileTest"/>
  <testcase name="createBoard" time="0.547" classname="test.SolitaireBoardTest"/>
  <testcase name="dealOutCustomBoard" time="0.002" classname="test.SolitaireBoardTest"/>
  <testcase name="getHint" time="0.174" classname="test.SolitaireBoardTest"/>
  <testcase name="getTimerNextGameStatus" time="0.187" classname="test.SolitaireBoardTest"/>
  <testcase name="newGame" time="1.059" classname="test.SolitaireBoardTest"/>
  <testcase name="recordGame" time="0.002" classname="test.SolitaireBoardTest"/>
  <testcase name="resetStats" time="0.214" classname="test.SolitaireBoardTest"/>
  <testcase name="saveOptions" time="0.205" classname="test.SolitaireBoardTest"/>
  <testcase name="setAppearance" time="0.655" classname="test.SolitaireBoardTest"/>
  <testcase name="setBackgroundNumber" time="0.216" classname="test.SolitaireBoardTest"/>
  <testcase name="setDeckNumber" time="0.217" classname="test.SolitaireBoardTest"/>
  <testcase name="setDeckThroughs" time="0.245" classname="test.SolitaireBoardTest"/>
  <testcase name="setDifficulty" time="0.24" classname="test.SolitaireBoardTest"/>
  <testcase name="setDrawCount" time="0.238" classname="test.SolitaireBoardTest"/>
  <testcase name="setNewDifficulty" time="0.257" classname="test.SolitaireBoardTest"/>
  <testcase name="setNewDrawCount" time="0.234" classname="test.SolitaireBoardTest"/>
  <testcase name="setTimerStatus" time="1.976" classname="test.SolitaireBoardTest"/>
  <testcase name="setWinAnimationStatus" time="0.265" classname="test.SolitaireBoardTest"/>
  <testcase name="setWinSoundsStatus" time="0.233" classname="test.SolitaireBoardTest"/>
  <testcase name="undoMove" time="0.001" classname="test.SolitaireBoardTest"/>
  <testcase name="SolitaireLayout" time="0.002" classname="test.SolitaireLayoutTest"/>
  <testcase name="addLayoutComponent" time="0.003" classname="test.SolitaireLayoutTest"/>
  <testcase name="layoutContainer" time="0.005" classname="test.SolitaireLayoutTest"/>
  <testcase name="minimumLayoutSize" time="0.001" classname="test.SolitaireLayoutTest">
    <failure type="org.testng.TestException" message="
Method SolitaireLayoutTest.minimumLayoutSize()[pri:0, instance:test.SolitaireLayoutTest@89484] should have thrown an exception of type class java.lang.UnsupportedOperationException">
      <![CDATA[org.testng.TestException: 
Method SolitaireLayoutTest.minimumLayoutSize()[pri:0, instance:test.SolitaireLayoutTest@89484] should have thrown an exception of type class java.lang.UnsupportedOperationException
... Removed 22 stack frames]]>
    </failure>
  </testcase> <!-- minimumLayoutSize -->
  <testcase name="preferredLayoutSize" time="0.002" classname="test.SolitaireLayoutTest">
    <failure type="org.testng.TestException" message="
Method SolitaireLayoutTest.preferredLayoutSize()[pri:0, instance:test.SolitaireLayoutTest@89484] should have thrown an exception of type class java.lang.UnsupportedOperationException">
      <![CDATA[org.testng.TestException: 
Method SolitaireLayoutTest.preferredLayoutSize()[pri:0, instance:test.SolitaireLayoutTest@89484] should have thrown an exception of type class java.lang.UnsupportedOperationException
... Removed 22 stack frames]]>
    </failure>
  </testcase> <!-- preferredLayoutSize -->
  <testcase name="removeLayoutComponent" time="0.002" classname="test.SolitaireLayoutTest"/>
</testsuite> <!-- Test -->
