<?xml version="1.0" encoding="UTF-8"?>
<!-- Generated by org.testng.reporters.JUnitXMLReporter -->
<testsuite hostname="Nolans-MBP.home.gateway" ignored="0" name="Test" tests="119" failures="13" timestamp="30 Apr 2017 08:14:09 GMT" time="15.143" errors="0">
  <testcase name="AcePile" time="0.011" classname="test.AcePileTest"/>
  <testcase name="testGetCardAtLocationPoint" time="0.005" classname="test.AcePileTest"/>
  <testcase name="testIsValidMoveCard" time="0.007" classname="test.AcePileTest"/>
  <testcase name="testIsValidMoveCardStack" time="0.002" classname="test.AcePileTest"/>
  <testcase name="testPushCard" time="0.007" classname="test.AcePileTest"/>
  <testcase name="testAddCard" time="0.004" classname="test.CardStackTest"/>
  <testcase name="testAddStack" time="0.001" classname="test.CardStackTest"/>
  <testcase name="testGetAvailableCards" time="0.014" classname="test.CardStackTest"/>
  <testcase name="testGetBottom" time="0.009" classname="test.CardStackTest"/>
  <testcase name="testGetCardAtLocationIntIndex" time="0.008" classname="test.CardStackTest"/>
  <testcase name="testGetCardAtLocationPoint" time="0.001" classname="test.CardStackTest"/>
  <testcase name="testGetStackCard" time="0.019" classname="test.CardStackTest"/>
  <testcase name="testIsEmpty" time="0.002" classname="test.CardStackTest"/>
  <testcase name="testIsValidMoveCard" time="0.003" classname="test.CardStackTest"/>
  <testcase name="testIsValidMoveCardStack" time="0.001" classname="test.CardStackTest"/>
  <testcase name="testLength" time="0.004" classname="test.CardStackTest"/>
  <testcase name="testPeek" time="0.004" classname="test.CardStackTest"/>
  <testcase name="testPop" time="0.003" classname="test.CardStackTest"/>
  <testcase name="testPopCardStack" time="0.002" classname="test.CardStackTest"/>
  <testcase name="testPushCard" time="0.003" classname="test.CardStackTest"/>
  <testcase name="testPushCardStack" time="0.004" classname="test.CardStackTest"/>
  <testcase name="testSearch" time="0.01" classname="test.CardStackTest"/>
  <testcase name="testUndoStackMove" time="0.011" classname="test.CardStackTest"/>
  <testcase name="cardImageTest" time="0.001" classname="test.CardTest"/>
  <testcase name="cloneTest" time="0.003" classname="test.CardTest"/>
  <testcase name="faceUpTest" time="0.005" classname="test.CardTest"/>
  <testcase name="gettersTest" time="0.0" classname="test.CardTest"/>
  <testcase name="highlightTest" time="0.004" classname="test.CardTest"/>
  <testcase name="test" time="0.03" classname="test.CardTest"/>
  <testcase name="validSuitTest" time="0.001" classname="test.CardTest"/>
  <testcase name="ChangeAppearance" time="0.0" classname="test.ChangeAppearanceTest"/>
  <testcase name="actionPerformed" time="0.018" classname="test.ChangeAppearanceTest"/>
  <testcase name="getBackgroundNumber" time="0.002" classname="test.ChangeAppearanceTest">
    <failure type="java.lang.AssertionError" message="expected [3] but found [-1]">
      <![CDATA[java.lang.AssertionError: expected [3] but found [-1]
	at test.ChangeAppearanceTest.getBackgroundNumber(ChangeAppearanceTest.java:121)
... Removed 31 stack frames]]>
    </failure>
  </testcase> <!-- getBackgroundNumber -->
  <testcase name="getDeckNumber" time="0.001" classname="test.ChangeAppearanceTest">
    <failure type="java.lang.AssertionError" message="expected [3] but found [-1]">
      <![CDATA[java.lang.AssertionError: expected [3] but found [-1]
	at test.ChangeAppearanceTest.getDeckNumber(ChangeAppearanceTest.java:153)
... Removed 31 stack frames]]>
    </failure>
  </testcase> <!-- getDeckNumber -->
  <testcase name="setup" time="0.001" classname="test.ChangeAppearanceTest">
    <failure type="java.lang.RuntimeException" message="Test not implemented">
      <![CDATA[java.lang.RuntimeException: Test not implemented
	at test.ChangeAppearanceTest.setup(ChangeAppearanceTest.java:158)
... Removed 25 stack frames]]>
    </failure>
  </testcase> <!-- setup -->
  <testcase name="test_instantiation" time="0.005" classname="test.ChangeAppearanceTest">
    <failure type="java.lang.ArrayIndexOutOfBoundsException" message="-1">
      <![CDATA[java.lang.ArrayIndexOutOfBoundsException: -1
	at FourRowSolitaire.ChangeAppearance.setup(ChangeAppearance.java:89)
	at FourRowSolitaire.ChangeAppearance.<init>(ChangeAppearance.java:66)
	at test.ChangeAppearanceTest.test_instantiation(ChangeAppearanceTest.java:78)
... Removed 25 stack frames]]>
    </failure>
  </testcase> <!-- test_instantiation -->
  <testcase name="ChangeOptions" time="0.0" classname="test.ChangeOptionsTest">
    <failure type="java.lang.RuntimeException" message="Test not implemented">
      <![CDATA[java.lang.RuntimeException: Test not implemented
	at test.ChangeOptionsTest.ChangeOptions(ChangeOptionsTest.java:27)
... Removed 25 stack frames]]>
    </failure>
  </testcase> <!-- ChangeOptions -->
  <testcase name="actionPerformed" time="0.001" classname="test.ChangeOptionsTest">
    <failure type="java.lang.RuntimeException" message="Test not implemented">
      <![CDATA[java.lang.RuntimeException: Test not implemented
	at test.ChangeOptionsTest.actionPerformed(ChangeOptionsTest.java:32)
... Removed 25 stack frames]]>
    </failure>
  </testcase> <!-- actionPerformed -->
  <testcase name="getAnimation" time="0.001" classname="test.ChangeOptionsTest">
    <failure type="java.lang.RuntimeException" message="Test not implemented">
      <![CDATA[java.lang.RuntimeException: Test not implemented
	at test.ChangeOptionsTest.getAnimation(ChangeOptionsTest.java:37)
... Removed 25 stack frames]]>
    </failure>
  </testcase> <!-- getAnimation -->
  <testcase name="getDifficulty" time="0.001" classname="test.ChangeOptionsTest">
    <failure type="java.lang.RuntimeException" message="Test not implemented">
      <![CDATA[java.lang.RuntimeException: Test not implemented
	at test.ChangeOptionsTest.getDifficulty(ChangeOptionsTest.java:42)
... Removed 25 stack frames]]>
    </failure>
  </testcase> <!-- getDifficulty -->
  <testcase name="getDrawCount" time="0.001" classname="test.ChangeOptionsTest">
    <failure type="java.lang.RuntimeException" message="Test not implemented">
      <![CDATA[java.lang.RuntimeException: Test not implemented
	at test.ChangeOptionsTest.getDrawCount(ChangeOptionsTest.java:47)
... Removed 25 stack frames]]>
    </failure>
  </testcase> <!-- getDrawCount -->
  <testcase name="getSounds" time="0.001" classname="test.ChangeOptionsTest">
    <failure type="java.lang.RuntimeException" message="Test not implemented">
      <![CDATA[java.lang.RuntimeException: Test not implemented
	at test.ChangeOptionsTest.getSounds(ChangeOptionsTest.java:52)
... Removed 25 stack frames]]>
    </failure>
  </testcase> <!-- getSounds -->
  <testcase name="getTimer" time="0.001" classname="test.ChangeOptionsTest">
    <failure type="java.lang.RuntimeException" message="Test not implemented">
      <![CDATA[java.lang.RuntimeException: Test not implemented
	at test.ChangeOptionsTest.getTimer(ChangeOptionsTest.java:57)
... Removed 25 stack frames]]>
    </failure>
  </testcase> <!-- getTimer -->
  <testcase name="setup" time="0.001" classname="test.ChangeOptionsTest">
    <failure type="java.lang.RuntimeException" message="Test not implemented">
      <![CDATA[java.lang.RuntimeException: Test not implemented
	at test.ChangeOptionsTest.setup(ChangeOptionsTest.java:62)
... Removed 25 stack frames]]>
    </failure>
  </testcase> <!-- setup -->
  <testcase name="test_actionPerformed_A$ActionEvent" time="2.383" classname="test.ChangeOptionsTest">
    <failure type="java.lang.NullPointerException">
      <![CDATA[java.lang.NullPointerException
	at FourRowSolitaire.ChangeOptions.actionPerformed(ChangeOptions.java:236)
	at test.ChangeOptionsTest.test_actionPerformed_A$ActionEvent(ChangeOptionsTest.java:93)
... Removed 25 stack frames]]>
    </failure>
  </testcase> <!-- test_actionPerformed_A$ActionEvent -->
  <testcase name="test_instantiation" time="0.778" classname="test.ChangeOptionsTest"/>
  <testcase name="test_type" time="0.0" classname="test.ChangeOptionsTest"/>
  <testcase name="testGetAvailableCards" time="0.007" classname="test.ColumnTest"/>
  <testcase name="testIsValidMove" time="0.001" classname="test.ColumnTest"/>
  <testcase name="testPush" time="0.001" classname="test.ColumnTest"/>
  <testcase name="testStackIsValidMove" time="0.001" classname="test.ColumnTest"/>
  <testcase name="DealDeck" time="0.001" classname="test.DealDeckTest"/>
  <testcase name="getDeckThroughs" time="0.001" classname="test.DealDeckTest"/>
  <testcase name="hasDealsLeft" time="0.653" classname="test.DealDeckTest"/>
  <testcase name="isValidMoveCard" time="0.01" classname="test.DealDeckTest"/>
  <testcase name="isValidMoveCardStack" time="0.006" classname="test.DealDeckTest"/>
  <testcase name="pop" time="0.276" classname="test.DealDeckTest"/>
  <testcase name="reset" time="0.001" classname="test.DealDeckTest"/>
  <testcase name="setDeck" time="0.013" classname="test.DealDeckTest"/>
  <testcase name="setDeckThroughs" time="0.001" classname="test.DealDeckTest"/>
  <testcase name="setDifficulty" time="0.001" classname="test.DealDeckTest"/>
  <testcase name="setDrawCount" time="0.009" classname="test.DealDeckTest"/>
  <testcase name="undoPop" time="0.484" classname="test.DealDeckTest"/>
  <testcase name="testDeck" time="0.0" classname="test.DeckTest"/>
  <testcase name="testGetDeck" time="0.0" classname="test.DeckTest"/>
  <testcase name="testGetDeckLinkedListOfInteger" time="0.004" classname="test.DeckTest"/>
  <testcase name="testGetDeckNumber" time="0.001" classname="test.DeckTest"/>
  <testcase name="testShuffle" time="0.001" classname="test.DeckTest"/>
  <testcase name="DiscardPile" time="0.0" classname="test.DiscardPileTest"/>
  <testcase name="addCard" time="0.0" classname="test.DiscardPileTest"/>
  <testcase name="addStack" time="0.002" classname="test.DiscardPileTest"/>
  <testcase name="isValidMoveCard" time="0.001" classname="test.DiscardPileTest"/>
  <testcase name="isValidMoveCardStack" time="0.0" classname="test.DiscardPileTest"/>
  <testcase name="pop" time="0.0" classname="test.DiscardPileTest"/>
  <testcase name="pushCard" time="0.005" classname="test.DiscardPileTest"/>
  <testcase name="pushCardStack" time="0.003" classname="test.DiscardPileTest"/>
  <testcase name="setView" time="0.0" classname="test.DiscardPileTest"/>
  <testcase name="testGetCardAtLocationPoint" time="0.001" classname="test.DiscardPileTest"/>
  <testcase name="testGetNumViewableCards" time="0.003" classname="test.DiscardPileTest"/>
  <testcase name="testUndoPop" time="0.001" classname="test.DiscardPileTest"/>
  <testcase name="FireworksDisplay" time="0.001" classname="test.FireworksDisplayTest"/>
  <testcase name="randomColor" time="0.004" classname="test.FireworksDisplayTest"/>
  <testcase name="FourRowSolitaire" time="0.235" classname="test.FourRowSolitaireTest"/>
  <testcase name="actionPerformed" time="0.062" classname="test.FourRowSolitaireTest"/>
  <testcase name="checkForUpdate" time="0.345" classname="test.FourRowSolitaireTest"/>
  <testcase name="loadData" time="0.254" classname="test.FourRowSolitaireTest"/>
  <testcase name="main" time="0.308" classname="test.FourRowSolitaireTest"/>
  <testcase name="testGetCardAtLocationPoint" time="0.052" classname="test.SingleCellTest"/>
  <testcase name="testIsValidMoveCard" time="0.001" classname="test.SingleCellTest"/>
  <testcase name="testIsValidMoveCardStack" time="0.001" classname="test.SingleCellTest"/>
  <testcase name="testPushCard" time="0.001" classname="test.SingleCellTest"/>
  <testcase name="createBoard" time="0.109" classname="test.SolitaireBoardTest"/>
  <testcase name="dealOutCustomBoard" time="0.182" classname="test.SolitaireBoardTest"/>
  <testcase name="getHint" time="2.918" classname="test.SolitaireBoardTest"/>
  <testcase name="getTimerNextGameStatus" time="0.001" classname="test.SolitaireBoardTest"/>
  <testcase name="newGame" time="1.462" classname="test.SolitaireBoardTest"/>
  <testcase name="resetStats" time="0.004" classname="test.SolitaireBoardTest"/>
  <testcase name="saveOptions" time="0.003" classname="test.SolitaireBoardTest"/>
  <testcase name="setAppearance" time="0.13" classname="test.SolitaireBoardTest"/>
  <testcase name="setBackgroundNumber" time="0.001" classname="test.SolitaireBoardTest"/>
  <testcase name="setDeckNumber" time="0.001" classname="test.SolitaireBoardTest"/>
  <testcase name="setDeckThroughs" time="0.001" classname="test.SolitaireBoardTest"/>
  <testcase name="setDifficulty" time="0.001" classname="test.SolitaireBoardTest"/>
  <testcase name="setDrawCount" time="0.0" classname="test.SolitaireBoardTest"/>
  <testcase name="setNewDifficulty" time="0.0" classname="test.SolitaireBoardTest"/>
  <testcase name="setNewDrawCount" time="0.0" classname="test.SolitaireBoardTest"/>
  <testcase name="setTimerStatus" time="2.524" classname="test.SolitaireBoardTest"/>
  <testcase name="setWinAnimationStatus" time="0.001" classname="test.SolitaireBoardTest"/>
  <testcase name="setWinSoundsStatus" time="0.001" classname="test.SolitaireBoardTest"/>
  <testcase name="undoMove" time="0.001" classname="test.SolitaireBoardTest"/>
  <testcase name="SolitaireLayout" time="0.0" classname="test.SolitaireLayoutTest"/>
  <testcase name="addLayoutComponent" time="0.001" classname="test.SolitaireLayoutTest"/>
  <testcase name="layoutContainer" time="0.001" classname="test.SolitaireLayoutTest"/>
  <testcase name="minimumLayoutSize" time="0.002" classname="test.SolitaireLayoutTest"/>
  <testcase name="preferredLayoutSize" time="0.0" classname="test.SolitaireLayoutTest"/>
  <testcase name="removeLayoutComponent" time="0.001" classname="test.SolitaireLayoutTest"/>
  <testcase name="SolitairePanel on test.SolitairePanelTest[,0,0,0x0,invalid,layout=java.awt.FlowLayout,alignmentX=0.0,alignmentY=0.0,border=,flags=9,maximumSize=,minimumSize=,preferredSize=]" time="0.001" classname="test.SolitairePanelTest"/>
  <testcase name="test_instantiation" time="0.21" classname="test.WinScreenTest"/>
  <testcase name="test_type" time="0.002" classname="test.WinScreenTest"/>
</testsuite> <!-- Test -->
