<?xml version="1.0" encoding="UTF-8"?>
<testng-results skipped="0" failed="0" ignored="0" total="116" passed="116">
  <reporter-output>
  </reporter-output>
  <suite name="Suite" duration-ms="33685" started-at="2017-04-30T09:05:50Z" finished-at="2017-04-30T09:06:23Z">
    <groups>
    </groups>
    <test name="Test" duration-ms="33685" started-at="2017-04-30T09:05:50Z" finished-at="2017-04-30T09:06:23Z">
      <class name="test.SingleCellTest">
        <test-method status="PASS" signature="setUp()[pri:0, instance:test.SingleCellTest@1d6ef2]" name="setUp" is-config="true" duration-ms="9" started-at="2017-04-30T05:05:56Z" finished-at="2017-04-30T05:05:56Z">
          <reporter-output>
          </reporter-output>
        </test-method> <!-- setUp -->
        <test-method status="PASS" signature="testGetCardAtLocationPoint()[pri:0, instance:test.SingleCellTest@1d6ef2]" name="testGetCardAtLocationPoint" duration-ms="1" started-at="2017-04-30T05:05:56Z" finished-at="2017-04-30T05:05:56Z">
          <reporter-output>
          </reporter-output>
        </test-method> <!-- testGetCardAtLocationPoint -->
        <test-method status="PASS" signature="setUp()[pri:0, instance:test.SingleCellTest@1d6ef2]" name="setUp" is-config="true" duration-ms="8" started-at="2017-04-30T05:05:56Z" finished-at="2017-04-30T05:05:56Z">
          <reporter-output>
          </reporter-output>
        </test-method> <!-- setUp -->
        <test-method status="PASS" signature="tearDown()[pri:0, instance:test.SingleCellTest@1d6ef2]" name="tearDown" is-config="true" duration-ms="0" started-at="2017-04-30T05:05:56Z" finished-at="2017-04-30T05:05:56Z">
          <reporter-output>
          </reporter-output>
        </test-method> <!-- tearDown -->
        <test-method status="PASS" signature="testIsValidMoveCard()[pri:0, instance:test.SingleCellTest@1d6ef2]" name="testIsValidMoveCard" duration-ms="2" started-at="2017-04-30T05:05:56Z" finished-at="2017-04-30T05:05:56Z">
          <reporter-output>
          </reporter-output>
        </test-method> <!-- testIsValidMoveCard -->
        <test-method status="PASS" signature="tearDown()[pri:0, instance:test.SingleCellTest@1d6ef2]" name="tearDown" is-config="true" duration-ms="0" started-at="2017-04-30T05:05:56Z" finished-at="2017-04-30T05:05:56Z">
          <reporter-output>
          </reporter-output>
        </test-method> <!-- tearDown -->
        <test-method status="PASS" signature="setUp()[pri:0, instance:test.SingleCellTest@1d6ef2]" name="setUp" is-config="true" duration-ms="8" started-at="2017-04-30T05:05:56Z" finished-at="2017-04-30T05:05:56Z">
          <reporter-output>
          </reporter-output>
        </test-method> <!-- setUp -->
        <test-method status="PASS" signature="testIsValidMoveCardStack()[pri:0, instance:test.SingleCellTest@1d6ef2]" name="testIsValidMoveCardStack" duration-ms="1" started-at="2017-04-30T05:05:56Z" finished-at="2017-04-30T05:05:56Z">
          <reporter-output>
          </reporter-output>
        </test-method> <!-- testIsValidMoveCardStack -->
        <test-method status="PASS" signature="tearDown()[pri:0, instance:test.SingleCellTest@1d6ef2]" name="tearDown" is-config="true" duration-ms="0" started-at="2017-04-30T05:05:56Z" finished-at="2017-04-30T05:05:56Z">
          <reporter-output>
          </reporter-output>
        </test-method> <!-- tearDown -->
        <test-method status="PASS" signature="setUp()[pri:0, instance:test.SingleCellTest@1d6ef2]" name="setUp" is-config="true" duration-ms="8" started-at="2017-04-30T05:05:56Z" finished-at="2017-04-30T05:05:56Z">
          <reporter-output>
          </reporter-output>
        </test-method> <!-- setUp -->
        <test-method status="PASS" signature="testPushCard()[pri:0, instance:test.SingleCellTest@1d6ef2]" name="testPushCard" duration-ms="1" started-at="2017-04-30T05:05:56Z" finished-at="2017-04-30T05:05:56Z">
          <reporter-output>
          </reporter-output>
        </test-method> <!-- testPushCard -->
        <test-method status="PASS" signature="tearDown()[pri:0, instance:test.SingleCellTest@1d6ef2]" name="tearDown" is-config="true" duration-ms="0" started-at="2017-04-30T05:05:56Z" finished-at="2017-04-30T05:05:56Z">
          <reporter-output>
          </reporter-output>
        </test-method> <!-- tearDown -->
      </class> <!-- test.SingleCellTest -->
      <class name="test.SolitaireLayoutTest">
        <test-method status="PASS" signature="SolitaireLayout()[pri:0, instance:test.SolitaireLayoutTest@1ee793f]" name="SolitaireLayout" duration-ms="2" started-at="2017-04-30T05:06:23Z" finished-at="2017-04-30T05:06:23Z">
          <reporter-output>
          </reporter-output>
        </test-method> <!-- SolitaireLayout -->
        <test-method status="PASS" signature="beforeClass()[pri:0, instance:test.SolitaireLayoutTest@1ee793f]" name="beforeClass" is-config="true" duration-ms="0" started-at="2017-04-30T05:06:23Z" finished-at="2017-04-30T05:06:23Z">
          <reporter-output>
          </reporter-output>
        </test-method> <!-- beforeClass -->
        <test-method status="PASS" signature="addLayoutComponent()[pri:0, instance:test.SolitaireLayoutTest@1ee793f]" name="addLayoutComponent" duration-ms="2" started-at="2017-04-30T05:06:23Z" finished-at="2017-04-30T05:06:23Z">
          <reporter-output>
          </reporter-output>
        </test-method> <!-- addLayoutComponent -->
        <test-method status="PASS" signature="layoutContainer()[pri:0, instance:test.SolitaireLayoutTest@1ee793f]" name="layoutContainer" duration-ms="1" started-at="2017-04-30T05:06:23Z" finished-at="2017-04-30T05:06:23Z">
          <reporter-output>
          </reporter-output>
        </test-method> <!-- layoutContainer -->
        <test-method status="PASS" signature="minimumLayoutSize()[pri:0, instance:test.SolitaireLayoutTest@1ee793f]" name="minimumLayoutSize" duration-ms="2" started-at="2017-04-30T05:06:23Z" finished-at="2017-04-30T05:06:23Z">
          <exception class="java.lang.UnsupportedOperationException">
            <message>
              <![CDATA[Not supported yet.]]>
            </message>
            <full-stacktrace>
              <![CDATA[java.lang.UnsupportedOperationException: Not supported yet.
	at FourRowSolitaire.SolitaireLayout.minimumLayoutSize(SolitaireLayout.java:204)
	at test.SolitaireLayoutTest.minimumLayoutSize(SolitaireLayoutTest.java:94)
	at sun.reflect.NativeMethodAccessorImpl.invoke0(Native Method)
	at sun.reflect.NativeMethodAccessorImpl.invoke(NativeMethodAccessorImpl.java:62)
	at sun.reflect.DelegatingMethodAccessorImpl.invoke(DelegatingMethodAccessorImpl.java:43)
	at java.lang.reflect.Method.invoke(Method.java:483)
	at org.testng.internal.MethodInvocationHelper.invokeMethod(MethodInvocationHelper.java:108)
	at org.testng.internal.Invoker.invokeMethod(Invoker.java:661)
	at org.testng.internal.Invoker.invokeTestMethod(Invoker.java:869)
	at org.testng.internal.Invoker.invokeTestMethods(Invoker.java:1193)
	at org.testng.internal.TestMethodWorker.invokeTestMethods(TestMethodWorker.java:126)
	at org.testng.internal.TestMethodWorker.run(TestMethodWorker.java:109)
	at org.testng.TestRunner.privateRun(TestRunner.java:744)
	at org.testng.TestRunner.run(TestRunner.java:602)
	at org.testng.SuiteRunner.runTest(SuiteRunner.java:380)
	at org.testng.SuiteRunner.runSequentially(SuiteRunner.java:375)
	at org.testng.SuiteRunner.privateRun(SuiteRunner.java:340)
	at org.testng.SuiteRunner.run(SuiteRunner.java:289)
	at org.testng.SuiteRunnerWorker.runSuite(SuiteRunnerWorker.java:52)
	at org.testng.SuiteRunnerWorker.run(SuiteRunnerWorker.java:86)
	at org.testng.TestNG.runSuitesSequentially(TestNG.java:1301)
	at org.testng.TestNG.runSuitesLocally(TestNG.java:1226)
	at org.testng.TestNG.runSuites(TestNG.java:1144)
	at org.testng.TestNG.run(TestNG.java:1115)
	at org.testng.remote.AbstractRemoteTestNG.run(AbstractRemoteTestNG.java:132)
	at org.testng.remote.RemoteTestNG.initAndRun(RemoteTestNG.java:230)
	at org.testng.remote.RemoteTestNG.main(RemoteTestNG.java:76)
]]>
            </full-stacktrace>
          </exception> <!-- java.lang.UnsupportedOperationException -->
          <reporter-output>
          </reporter-output>
        </test-method> <!-- minimumLayoutSize -->
        <test-method status="PASS" signature="preferredLayoutSize()[pri:0, instance:test.SolitaireLayoutTest@1ee793f]" name="preferredLayoutSize" duration-ms="2" started-at="2017-04-30T05:06:23Z" finished-at="2017-04-30T05:06:23Z">
          <exception class="java.lang.UnsupportedOperationException">
            <message>
              <![CDATA[Not supported yet.]]>
            </message>
            <full-stacktrace>
              <![CDATA[java.lang.UnsupportedOperationException: Not supported yet.
	at FourRowSolitaire.SolitaireLayout.preferredLayoutSize(SolitaireLayout.java:199)
	at test.SolitaireLayoutTest.preferredLayoutSize(SolitaireLayoutTest.java:104)
	at sun.reflect.NativeMethodAccessorImpl.invoke0(Native Method)
	at sun.reflect.NativeMethodAccessorImpl.invoke(NativeMethodAccessorImpl.java:62)
	at sun.reflect.DelegatingMethodAccessorImpl.invoke(DelegatingMethodAccessorImpl.java:43)
	at java.lang.reflect.Method.invoke(Method.java:483)
	at org.testng.internal.MethodInvocationHelper.invokeMethod(MethodInvocationHelper.java:108)
	at org.testng.internal.Invoker.invokeMethod(Invoker.java:661)
	at org.testng.internal.Invoker.invokeTestMethod(Invoker.java:869)
	at org.testng.internal.Invoker.invokeTestMethods(Invoker.java:1193)
	at org.testng.internal.TestMethodWorker.invokeTestMethods(TestMethodWorker.java:126)
	at org.testng.internal.TestMethodWorker.run(TestMethodWorker.java:109)
	at org.testng.TestRunner.privateRun(TestRunner.java:744)
	at org.testng.TestRunner.run(TestRunner.java:602)
	at org.testng.SuiteRunner.runTest(SuiteRunner.java:380)
	at org.testng.SuiteRunner.runSequentially(SuiteRunner.java:375)
	at org.testng.SuiteRunner.privateRun(SuiteRunner.java:340)
	at org.testng.SuiteRunner.run(SuiteRunner.java:289)
	at org.testng.SuiteRunnerWorker.runSuite(SuiteRunnerWorker.java:52)
	at org.testng.SuiteRunnerWorker.run(SuiteRunnerWorker.java:86)
	at org.testng.TestNG.runSuitesSequentially(TestNG.java:1301)
	at org.testng.TestNG.runSuitesLocally(TestNG.java:1226)
	at org.testng.TestNG.runSuites(TestNG.java:1144)
	at org.testng.TestNG.run(TestNG.java:1115)
	at org.testng.remote.AbstractRemoteTestNG.run(AbstractRemoteTestNG.java:132)
	at org.testng.remote.RemoteTestNG.initAndRun(RemoteTestNG.java:230)
	at org.testng.remote.RemoteTestNG.main(RemoteTestNG.java:76)
]]>
            </full-stacktrace>
          </exception> <!-- java.lang.UnsupportedOperationException -->
          <reporter-output>
          </reporter-output>
        </test-method> <!-- preferredLayoutSize -->
        <test-method status="PASS" signature="removeLayoutComponent()[pri:0, instance:test.SolitaireLayoutTest@1ee793f]" name="removeLayoutComponent" duration-ms="2" started-at="2017-04-30T05:06:23Z" finished-at="2017-04-30T05:06:23Z">
          <reporter-output>
          </reporter-output>
        </test-method> <!-- removeLayoutComponent -->
        <test-method status="PASS" signature="afterClass()[pri:0, instance:test.SolitaireLayoutTest@1ee793f]" name="afterClass" is-config="true" duration-ms="1" started-at="2017-04-30T05:06:23Z" finished-at="2017-04-30T05:06:23Z">
          <reporter-output>
          </reporter-output>
        </test-method> <!-- afterClass -->
      </class> <!-- test.SolitaireLayoutTest -->
      <class name="test.CardStackTest">
        <test-method status="PASS" signature="setUp()[pri:0, instance:test.CardStackTest@cf5915]" name="setUp" is-config="true" duration-ms="17" started-at="2017-04-30T05:05:53Z" finished-at="2017-04-30T05:05:53Z">
          <reporter-output>
          </reporter-output>
        </test-method> <!-- setUp -->
        <test-method status="PASS" signature="testAddCard()[pri:0, instance:test.CardStackTest@cf5915]" name="testAddCard" duration-ms="6" started-at="2017-04-30T05:05:53Z" finished-at="2017-04-30T05:05:53Z">
          <reporter-output>
          </reporter-output>
        </test-method> <!-- testAddCard -->
        <test-method status="PASS" signature="tearDown()[pri:0, instance:test.CardStackTest@cf5915]" name="tearDown" is-config="true" duration-ms="0" started-at="2017-04-30T05:05:53Z" finished-at="2017-04-30T05:05:53Z">
          <reporter-output>
          </reporter-output>
        </test-method> <!-- tearDown -->
        <test-method status="PASS" signature="setUp()[pri:0, instance:test.CardStackTest@cf5915]" name="setUp" is-config="true" duration-ms="17" started-at="2017-04-30T05:05:53Z" finished-at="2017-04-30T05:05:53Z">
          <reporter-output>
          </reporter-output>
        </test-method> <!-- setUp -->
        <test-method status="PASS" signature="testAddStack()[pri:0, instance:test.CardStackTest@cf5915]" name="testAddStack" duration-ms="2" started-at="2017-04-30T05:05:53Z" finished-at="2017-04-30T05:05:53Z">
          <reporter-output>
          </reporter-output>
        </test-method> <!-- testAddStack -->
        <test-method status="PASS" signature="tearDown()[pri:0, instance:test.CardStackTest@cf5915]" name="tearDown" is-config="true" duration-ms="0" started-at="2017-04-30T05:05:53Z" finished-at="2017-04-30T05:05:53Z">
          <reporter-output>
          </reporter-output>
        </test-method> <!-- tearDown -->
        <test-method status="PASS" signature="setUp()[pri:0, instance:test.CardStackTest@cf5915]" name="setUp" is-config="true" duration-ms="17" started-at="2017-04-30T05:05:53Z" finished-at="2017-04-30T05:05:53Z">
          <reporter-output>
          </reporter-output>
        </test-method> <!-- setUp -->
        <test-method status="PASS" signature="testGetAvailableCards()[pri:0, instance:test.CardStackTest@cf5915]" name="testGetAvailableCards" duration-ms="16" started-at="2017-04-30T05:05:53Z" finished-at="2017-04-30T05:05:53Z">
          <reporter-output>
          </reporter-output>
        </test-method> <!-- testGetAvailableCards -->
        <test-method status="PASS" signature="tearDown()[pri:0, instance:test.CardStackTest@cf5915]" name="tearDown" is-config="true" duration-ms="0" started-at="2017-04-30T05:05:53Z" finished-at="2017-04-30T05:05:53Z">
          <reporter-output>
          </reporter-output>
        </test-method> <!-- tearDown -->
        <test-method status="PASS" signature="setUp()[pri:0, instance:test.CardStackTest@cf5915]" name="setUp" is-config="true" duration-ms="15" started-at="2017-04-30T05:05:53Z" finished-at="2017-04-30T05:05:53Z">
          <reporter-output>
          </reporter-output>
        </test-method> <!-- setUp -->
        <test-method status="PASS" signature="testGetBottom()[pri:0, instance:test.CardStackTest@cf5915]" name="testGetBottom" duration-ms="19" started-at="2017-04-30T05:05:53Z" finished-at="2017-04-30T05:05:53Z">
          <reporter-output>
          </reporter-output>
        </test-method> <!-- testGetBottom -->
        <test-method status="PASS" signature="tearDown()[pri:0, instance:test.CardStackTest@cf5915]" name="tearDown" is-config="true" duration-ms="0" started-at="2017-04-30T05:05:53Z" finished-at="2017-04-30T05:05:53Z">
          <reporter-output>
          </reporter-output>
        </test-method> <!-- tearDown -->
        <test-method status="PASS" signature="setUp()[pri:0, instance:test.CardStackTest@cf5915]" name="setUp" is-config="true" duration-ms="15" started-at="2017-04-30T05:05:53Z" finished-at="2017-04-30T05:05:53Z">
          <reporter-output>
          </reporter-output>
        </test-method> <!-- setUp -->
        <test-method status="PASS" signature="testGetCardAtLocationIntIndex()[pri:0, instance:test.CardStackTest@cf5915]" name="testGetCardAtLocationIntIndex" duration-ms="12" started-at="2017-04-30T05:05:53Z" finished-at="2017-04-30T05:05:53Z">
          <reporter-output>
          </reporter-output>
        </test-method> <!-- testGetCardAtLocationIntIndex -->
        <test-method status="PASS" signature="setUp()[pri:0, instance:test.CardStackTest@cf5915]" name="setUp" is-config="true" duration-ms="15" started-at="2017-04-30T05:05:53Z" finished-at="2017-04-30T05:05:53Z">
          <reporter-output>
          </reporter-output>
        </test-method> <!-- setUp -->
        <test-method status="PASS" signature="tearDown()[pri:0, instance:test.CardStackTest@cf5915]" name="tearDown" is-config="true" duration-ms="0" started-at="2017-04-30T05:05:53Z" finished-at="2017-04-30T05:05:53Z">
          <reporter-output>
          </reporter-output>
        </test-method> <!-- tearDown -->
        <test-method status="PASS" signature="testGetCardAtLocationPoint()[pri:0, instance:test.CardStackTest@cf5915]" name="testGetCardAtLocationPoint" duration-ms="2" started-at="2017-04-30T05:05:53Z" finished-at="2017-04-30T05:05:53Z">
          <reporter-output>
          </reporter-output>
        </test-method> <!-- testGetCardAtLocationPoint -->
        <test-method status="PASS" signature="tearDown()[pri:0, instance:test.CardStackTest@cf5915]" name="tearDown" is-config="true" duration-ms="0" started-at="2017-04-30T05:05:53Z" finished-at="2017-04-30T05:05:53Z">
          <reporter-output>
          </reporter-output>
        </test-method> <!-- tearDown -->
        <test-method status="PASS" signature="setUp()[pri:0, instance:test.CardStackTest@cf5915]" name="setUp" is-config="true" duration-ms="15" started-at="2017-04-30T05:05:53Z" finished-at="2017-04-30T05:05:53Z">
          <reporter-output>
          </reporter-output>
        </test-method> <!-- setUp -->
        <test-method status="PASS" signature="testGetStackCard()[pri:0, instance:test.CardStackTest@cf5915]" name="testGetStackCard" duration-ms="37" started-at="2017-04-30T05:05:53Z" finished-at="2017-04-30T05:05:53Z">
          <reporter-output>
          </reporter-output>
        </test-method> <!-- testGetStackCard -->
        <test-method status="PASS" signature="tearDown()[pri:0, instance:test.CardStackTest@cf5915]" name="tearDown" is-config="true" duration-ms="0" started-at="2017-04-30T05:05:53Z" finished-at="2017-04-30T05:05:53Z">
          <reporter-output>
          </reporter-output>
        </test-method> <!-- tearDown -->
        <test-method status="PASS" signature="setUp()[pri:0, instance:test.CardStackTest@cf5915]" name="setUp" is-config="true" duration-ms="16" started-at="2017-04-30T05:05:53Z" finished-at="2017-04-30T05:05:53Z">
          <reporter-output>
          </reporter-output>
        </test-method> <!-- setUp -->
        <test-method status="PASS" signature="testGetStackInt()[pri:0, instance:test.CardStackTest@cf5915]" name="testGetStackInt" duration-ms="16" started-at="2017-04-30T05:05:53Z" finished-at="2017-04-30T05:05:53Z">
          <reporter-output>
          </reporter-output>
        </test-method> <!-- testGetStackInt -->
        <test-method status="PASS" signature="tearDown()[pri:0, instance:test.CardStackTest@cf5915]" name="tearDown" is-config="true" duration-ms="0" started-at="2017-04-30T05:05:53Z" finished-at="2017-04-30T05:05:53Z">
          <reporter-output>
          </reporter-output>
        </test-method> <!-- tearDown -->
        <test-method status="PASS" signature="setUp()[pri:0, instance:test.CardStackTest@cf5915]" name="setUp" is-config="true" duration-ms="16" started-at="2017-04-30T05:05:53Z" finished-at="2017-04-30T05:05:53Z">
          <reporter-output>
          </reporter-output>
        </test-method> <!-- setUp -->
        <test-method status="PASS" signature="testIsEmpty()[pri:0, instance:test.CardStackTest@cf5915]" name="testIsEmpty" duration-ms="6" started-at="2017-04-30T05:05:53Z" finished-at="2017-04-30T05:05:53Z">
          <reporter-output>
          </reporter-output>
        </test-method> <!-- testIsEmpty -->
        <test-method status="PASS" signature="tearDown()[pri:0, instance:test.CardStackTest@cf5915]" name="tearDown" is-config="true" duration-ms="0" started-at="2017-04-30T05:05:53Z" finished-at="2017-04-30T05:05:53Z">
          <reporter-output>
          </reporter-output>
        </test-method> <!-- tearDown -->
        <test-method status="PASS" signature="setUp()[pri:0, instance:test.CardStackTest@cf5915]" name="setUp" is-config="true" duration-ms="14" started-at="2017-04-30T05:05:53Z" finished-at="2017-04-30T05:05:53Z">
          <reporter-output>
          </reporter-output>
        </test-method> <!-- setUp -->
        <test-method status="PASS" signature="testIsValidMoveCard()[pri:0, instance:test.CardStackTest@cf5915]" name="testIsValidMoveCard" duration-ms="9" started-at="2017-04-30T05:05:53Z" finished-at="2017-04-30T05:05:53Z">
          <reporter-output>
          </reporter-output>
        </test-method> <!-- testIsValidMoveCard -->
        <test-method status="PASS" signature="tearDown()[pri:0, instance:test.CardStackTest@cf5915]" name="tearDown" is-config="true" duration-ms="0" started-at="2017-04-30T05:05:53Z" finished-at="2017-04-30T05:05:53Z">
          <reporter-output>
          </reporter-output>
        </test-method> <!-- tearDown -->
        <test-method status="PASS" signature="setUp()[pri:0, instance:test.CardStackTest@cf5915]" name="setUp" is-config="true" duration-ms="16" started-at="2017-04-30T05:05:53Z" finished-at="2017-04-30T05:05:53Z">
          <reporter-output>
          </reporter-output>
        </test-method> <!-- setUp -->
        <test-method status="PASS" signature="testIsValidMoveCardStack()[pri:0, instance:test.CardStackTest@cf5915]" name="testIsValidMoveCardStack" duration-ms="2" started-at="2017-04-30T05:05:53Z" finished-at="2017-04-30T05:05:53Z">
          <reporter-output>
          </reporter-output>
        </test-method> <!-- testIsValidMoveCardStack -->
        <test-method status="PASS" signature="setUp()[pri:0, instance:test.CardStackTest@cf5915]" name="setUp" is-config="true" duration-ms="16" started-at="2017-04-30T05:05:53Z" finished-at="2017-04-30T05:05:53Z">
          <reporter-output>
          </reporter-output>
        </test-method> <!-- setUp -->
        <test-method status="PASS" signature="tearDown()[pri:0, instance:test.CardStackTest@cf5915]" name="tearDown" is-config="true" duration-ms="0" started-at="2017-04-30T05:05:53Z" finished-at="2017-04-30T05:05:53Z">
          <reporter-output>
          </reporter-output>
        </test-method> <!-- tearDown -->
        <test-method status="PASS" signature="testLength()[pri:0, instance:test.CardStackTest@cf5915]" name="testLength" duration-ms="6" started-at="2017-04-30T05:05:53Z" finished-at="2017-04-30T05:05:53Z">
          <reporter-output>
          </reporter-output>
        </test-method> <!-- testLength -->
        <test-method status="PASS" signature="tearDown()[pri:0, instance:test.CardStackTest@cf5915]" name="tearDown" is-config="true" duration-ms="0" started-at="2017-04-30T05:05:53Z" finished-at="2017-04-30T05:05:53Z">
          <reporter-output>
          </reporter-output>
        </test-method> <!-- tearDown -->
        <test-method status="PASS" signature="setUp()[pri:0, instance:test.CardStackTest@cf5915]" name="setUp" is-config="true" duration-ms="16" started-at="2017-04-30T05:05:53Z" finished-at="2017-04-30T05:05:53Z">
          <reporter-output>
          </reporter-output>
        </test-method> <!-- setUp -->
        <test-method status="PASS" signature="testPeek()[pri:0, instance:test.CardStackTest@cf5915]" name="testPeek" duration-ms="10" started-at="2017-04-30T05:05:53Z" finished-at="2017-04-30T05:05:53Z">
          <reporter-output>
          </reporter-output>
        </test-method> <!-- testPeek -->
        <test-method status="PASS" signature="tearDown()[pri:0, instance:test.CardStackTest@cf5915]" name="tearDown" is-config="true" duration-ms="0" started-at="2017-04-30T05:05:53Z" finished-at="2017-04-30T05:05:53Z">
          <reporter-output>
          </reporter-output>
        </test-method> <!-- tearDown -->
        <test-method status="PASS" signature="setUp()[pri:0, instance:test.CardStackTest@cf5915]" name="setUp" is-config="true" duration-ms="15" started-at="2017-04-30T05:05:53Z" finished-at="2017-04-30T05:05:53Z">
          <reporter-output>
          </reporter-output>
        </test-method> <!-- setUp -->
        <test-method status="PASS" signature="testPop()[pri:0, instance:test.CardStackTest@cf5915]" name="testPop" duration-ms="5" started-at="2017-04-30T05:05:53Z" finished-at="2017-04-30T05:05:53Z">
          <reporter-output>
          </reporter-output>
        </test-method> <!-- testPop -->
        <test-method status="PASS" signature="setUp()[pri:0, instance:test.CardStackTest@cf5915]" name="setUp" is-config="true" duration-ms="17" started-at="2017-04-30T05:05:53Z" finished-at="2017-04-30T05:05:53Z">
          <reporter-output>
          </reporter-output>
        </test-method> <!-- setUp -->
        <test-method status="PASS" signature="tearDown()[pri:0, instance:test.CardStackTest@cf5915]" name="tearDown" is-config="true" duration-ms="0" started-at="2017-04-30T05:05:53Z" finished-at="2017-04-30T05:05:53Z">
          <reporter-output>
          </reporter-output>
        </test-method> <!-- tearDown -->
        <test-method status="PASS" signature="testPopCardStack()[pri:0, instance:test.CardStackTest@cf5915]" name="testPopCardStack" duration-ms="2" started-at="2017-04-30T05:05:53Z" finished-at="2017-04-30T05:05:53Z">
          <reporter-output>
          </reporter-output>
        </test-method> <!-- testPopCardStack -->
        <test-method status="PASS" signature="tearDown()[pri:0, instance:test.CardStackTest@cf5915]" name="tearDown" is-config="true" duration-ms="1" started-at="2017-04-30T05:05:53Z" finished-at="2017-04-30T05:05:53Z">
          <reporter-output>
          </reporter-output>
        </test-method> <!-- tearDown -->
        <test-method status="PASS" signature="setUp()[pri:0, instance:test.CardStackTest@cf5915]" name="setUp" is-config="true" duration-ms="16" started-at="2017-04-30T05:05:53Z" finished-at="2017-04-30T05:05:53Z">
          <reporter-output>
          </reporter-output>
        </test-method> <!-- setUp -->
        <test-method status="PASS" signature="testPushCard()[pri:0, instance:test.CardStackTest@cf5915]" name="testPushCard" duration-ms="5" started-at="2017-04-30T05:05:53Z" finished-at="2017-04-30T05:05:53Z">
          <reporter-output>
          </reporter-output>
        </test-method> <!-- testPushCard -->
        <test-method status="PASS" signature="tearDown()[pri:0, instance:test.CardStackTest@cf5915]" name="tearDown" is-config="true" duration-ms="1" started-at="2017-04-30T05:05:53Z" finished-at="2017-04-30T05:05:53Z">
          <reporter-output>
          </reporter-output>
        </test-method> <!-- tearDown -->
        <test-method status="PASS" signature="setUp()[pri:0, instance:test.CardStackTest@cf5915]" name="setUp" is-config="true" duration-ms="15" started-at="2017-04-30T05:05:53Z" finished-at="2017-04-30T05:05:54Z">
          <reporter-output>
          </reporter-output>
        </test-method> <!-- setUp -->
        <test-method status="PASS" signature="testPushCardStack()[pri:0, instance:test.CardStackTest@cf5915]" name="testPushCardStack" duration-ms="10" started-at="2017-04-30T05:05:54Z" finished-at="2017-04-30T05:05:54Z">
          <reporter-output>
          </reporter-output>
        </test-method> <!-- testPushCardStack -->
        <test-method status="PASS" signature="setUp()[pri:0, instance:test.CardStackTest@cf5915]" name="setUp" is-config="true" duration-ms="15" started-at="2017-04-30T05:05:54Z" finished-at="2017-04-30T05:05:54Z">
          <reporter-output>
          </reporter-output>
        </test-method> <!-- setUp -->
        <test-method status="PASS" signature="tearDown()[pri:0, instance:test.CardStackTest@cf5915]" name="tearDown" is-config="true" duration-ms="0" started-at="2017-04-30T05:05:54Z" finished-at="2017-04-30T05:05:54Z">
          <reporter-output>
          </reporter-output>
        </test-method> <!-- tearDown -->
        <test-method status="PASS" signature="testSearch()[pri:0, instance:test.CardStackTest@cf5915]" name="testSearch" duration-ms="17" started-at="2017-04-30T05:05:54Z" finished-at="2017-04-30T05:05:54Z">
          <reporter-output>
          </reporter-output>
        </test-method> <!-- testSearch -->
        <test-method status="PASS" signature="tearDown()[pri:0, instance:test.CardStackTest@cf5915]" name="tearDown" is-config="true" duration-ms="0" started-at="2017-04-30T05:05:54Z" finished-at="2017-04-30T05:05:54Z">
          <reporter-output>
          </reporter-output>
        </test-method> <!-- tearDown -->
      </class> <!-- test.CardStackTest -->
      <class name="test.FourRowSolitaireTest">
        <test-method status="PASS" signature="FourRowSolitaire()[pri:0, instance:test.FourRowSolitaireTest@1e76c11]" name="FourRowSolitaire" duration-ms="565" started-at="2017-04-30T05:05:54Z" finished-at="2017-04-30T05:05:54Z">
          <reporter-output>
          </reporter-output>
        </test-method> <!-- FourRowSolitaire -->
        <test-method status="PASS" signature="beforeClass()[pri:0, instance:test.FourRowSolitaireTest@1e76c11]" name="beforeClass" is-config="true" duration-ms="0" started-at="2017-04-30T05:05:54Z" finished-at="2017-04-30T05:05:54Z">
          <reporter-output>
          </reporter-output>
        </test-method> <!-- beforeClass -->
        <test-method status="PASS" signature="actionPerformed()[pri:0, instance:test.FourRowSolitaireTest@1e76c11]" name="actionPerformed" duration-ms="21" started-at="2017-04-30T05:05:54Z" finished-at="2017-04-30T05:05:54Z">
          <reporter-output>
          </reporter-output>
        </test-method> <!-- actionPerformed -->
        <test-method status="PASS" signature="checkForUpdate()[pri:0, instance:test.FourRowSolitaireTest@1e76c11]" name="checkForUpdate" duration-ms="631" started-at="2017-04-30T05:05:54Z" finished-at="2017-04-30T05:05:55Z">
          <reporter-output>
          </reporter-output>
        </test-method> <!-- checkForUpdate -->
        <test-method status="PASS" signature="loadData()[pri:0, instance:test.FourRowSolitaireTest@1e76c11]" name="loadData" duration-ms="566" started-at="2017-04-30T05:05:55Z" finished-at="2017-04-30T05:05:55Z">
          <reporter-output>
          </reporter-output>
        </test-method> <!-- loadData -->
        <test-method status="PASS" signature="main()[pri:0, instance:test.FourRowSolitaireTest@1e76c11]" name="main" duration-ms="931" started-at="2017-04-30T05:05:55Z" finished-at="2017-04-30T05:05:56Z">
          <reporter-output>
          </reporter-output>
        </test-method> <!-- main -->
        <test-method status="PASS" signature="afterClass()[pri:0, instance:test.FourRowSolitaireTest@1e76c11]" name="afterClass" is-config="true" duration-ms="0" started-at="2017-04-30T05:05:56Z" finished-at="2017-04-30T05:05:56Z">
          <reporter-output>
          </reporter-output>
        </test-method> <!-- afterClass -->
      </class> <!-- test.FourRowSolitaireTest -->
      <class name="test.DeckTest">
        <test-method status="PASS" signature="setUp()[pri:0, instance:test.DeckTest@1342959]" name="setUp" is-config="true" duration-ms="621" started-at="2017-04-30T05:05:50Z" finished-at="2017-04-30T05:05:50Z">
          <reporter-output>
          </reporter-output>
        </test-method> <!-- setUp -->
        <test-method status="PASS" signature="testDeck()[pri:0, instance:test.DeckTest@1342959]" name="testDeck" duration-ms="1" started-at="2017-04-30T05:05:50Z" finished-at="2017-04-30T05:05:50Z">
          <reporter-output>
          </reporter-output>
        </test-method> <!-- testDeck -->
        <test-method status="PASS" signature="tearDown()[pri:0, instance:test.DeckTest@1342959]" name="tearDown" is-config="true" duration-ms="1" started-at="2017-04-30T05:05:50Z" finished-at="2017-04-30T05:05:50Z">
          <reporter-output>
          </reporter-output>
        </test-method> <!-- tearDown -->
        <test-method status="PASS" signature="setUp()[pri:0, instance:test.DeckTest@1342959]" name="setUp" is-config="true" duration-ms="592" started-at="2017-04-30T05:05:50Z" finished-at="2017-04-30T05:05:51Z">
          <reporter-output>
          </reporter-output>
        </test-method> <!-- setUp -->
        <test-method status="PASS" signature="testGetDeck()[pri:0, instance:test.DeckTest@1342959]" name="testGetDeck" duration-ms="5" started-at="2017-04-30T05:05:51Z" finished-at="2017-04-30T05:05:51Z">
          <reporter-output>
          </reporter-output>
        </test-method> <!-- testGetDeck -->
        <test-method status="PASS" signature="tearDown()[pri:0, instance:test.DeckTest@1342959]" name="tearDown" is-config="true" duration-ms="0" started-at="2017-04-30T05:05:51Z" finished-at="2017-04-30T05:05:51Z">
          <reporter-output>
          </reporter-output>
        </test-method> <!-- tearDown -->
        <test-method status="PASS" signature="setUp()[pri:0, instance:test.DeckTest@1342959]" name="setUp" is-config="true" duration-ms="629" started-at="2017-04-30T05:05:51Z" finished-at="2017-04-30T05:05:52Z">
          <reporter-output>
          </reporter-output>
        </test-method> <!-- setUp -->
        <test-method status="PASS" signature="testGetDeckLinkedListOfInteger()[pri:0, instance:test.DeckTest@1342959]" name="testGetDeckLinkedListOfInteger" duration-ms="14" started-at="2017-04-30T05:05:52Z" finished-at="2017-04-30T05:05:52Z">
          <reporter-output>
          </reporter-output>
        </test-method> <!-- testGetDeckLinkedListOfInteger -->
        <test-method status="PASS" signature="tearDown()[pri:0, instance:test.DeckTest@1342959]" name="tearDown" is-config="true" duration-ms="0" started-at="2017-04-30T05:05:52Z" finished-at="2017-04-30T05:05:52Z">
          <reporter-output>
          </reporter-output>
        </test-method> <!-- tearDown -->
        <test-method status="PASS" signature="setUp()[pri:0, instance:test.DeckTest@1342959]" name="setUp" is-config="true" duration-ms="721" started-at="2017-04-30T05:05:52Z" finished-at="2017-04-30T05:05:52Z">
          <reporter-output>
          </reporter-output>
        </test-method> <!-- setUp -->
        <test-method status="PASS" signature="testGetDeckNumber()[pri:0, instance:test.DeckTest@1342959]" name="testGetDeckNumber" duration-ms="2" started-at="2017-04-30T05:05:52Z" finished-at="2017-04-30T05:05:52Z">
          <reporter-output>
          </reporter-output>
        </test-method> <!-- testGetDeckNumber -->
        <test-method status="PASS" signature="tearDown()[pri:0, instance:test.DeckTest@1342959]" name="tearDown" is-config="true" duration-ms="0" started-at="2017-04-30T05:05:52Z" finished-at="2017-04-30T05:05:52Z">
          <reporter-output>
          </reporter-output>
        </test-method> <!-- tearDown -->
        <test-method status="PASS" signature="setUp()[pri:0, instance:test.DeckTest@1342959]" name="setUp" is-config="true" duration-ms="643" started-at="2017-04-30T05:05:52Z" finished-at="2017-04-30T05:05:53Z">
          <reporter-output>
          </reporter-output>
        </test-method> <!-- setUp -->
        <test-method status="PASS" signature="testShuffle()[pri:0, instance:test.DeckTest@1342959]" name="testShuffle" duration-ms="2" started-at="2017-04-30T05:05:53Z" finished-at="2017-04-30T05:05:53Z">
          <reporter-output>
          </reporter-output>
        </test-method> <!-- testShuffle -->
        <test-method status="PASS" signature="tearDown()[pri:0, instance:test.DeckTest@1342959]" name="tearDown" is-config="true" duration-ms="0" started-at="2017-04-30T05:05:53Z" finished-at="2017-04-30T05:05:53Z">
          <reporter-output>
          </reporter-output>
        </test-method> <!-- tearDown -->
      </class> <!-- test.DeckTest -->
      <class name="test.SolitairePanelTest">
        <test-method status="PASS" signature="beforeClass()[pri:0, instance:test.SolitairePanelTest[,0,0,0x0,invalid,layout=java.awt.FlowLayout,alignmentX=0.0,alignmentY=0.0,border=,flags=9,maximumSize=,minimumSize=,preferredSize=]]" name="beforeClass" is-config="true" duration-ms="0" started-at="2017-04-30T05:05:50Z" finished-at="2017-04-30T05:05:50Z">
          <reporter-output>
          </reporter-output>
        </test-method> <!-- beforeClass -->
        <test-method status="PASS" signature="SolitairePanel()[pri:0, instance:test.SolitairePanelTest[,0,0,0x0,invalid,layout=java.awt.FlowLayout,alignmentX=0.0,alignmentY=0.0,border=,flags=9,maximumSize=,minimumSize=,preferredSize=]]" name="SolitairePanel" duration-ms="3" started-at="2017-04-30T05:05:50Z" finished-at="2017-04-30T05:05:50Z">
          <reporter-output>
          </reporter-output>
        </test-method> <!-- SolitairePanel -->
        <test-method status="PASS" signature="changeBackground()[pri:0, instance:test.SolitairePanelTest[,0,0,0x0,invalid,layout=java.awt.FlowLayout,alignmentX=0.0,alignmentY=0.0,border=,flags=9,maximumSize=,minimumSize=,preferredSize=]]" name="changeBackground" duration-ms="18" started-at="2017-04-30T05:05:50Z" finished-at="2017-04-30T05:05:50Z">
          <reporter-output>
          </reporter-output>
        </test-method> <!-- changeBackground -->
        <test-method status="PASS" signature="paintComponent()[pri:0, instance:test.SolitairePanelTest[,0,0,0x0,invalid,layout=java.awt.FlowLayout,alignmentX=0.0,alignmentY=0.0,border=,flags=9,maximumSize=,minimumSize=,preferredSize=]]" name="paintComponent" duration-ms="2" started-at="2017-04-30T05:05:50Z" finished-at="2017-04-30T05:05:50Z">
          <reporter-output>
          </reporter-output>
        </test-method> <!-- paintComponent -->
        <test-method status="PASS" signature="afterClass()[pri:0, instance:test.SolitairePanelTest[,0,0,0x0,invalid,layout=java.awt.FlowLayout,alignmentX=0.0,alignmentY=0.0,border=,flags=9,maximumSize=,minimumSize=,preferredSize=]]" name="afterClass" is-config="true" duration-ms="0" started-at="2017-04-30T05:05:50Z" finished-at="2017-04-30T05:05:50Z">
          <reporter-output>
          </reporter-output>
        </test-method> <!-- afterClass -->
      </class> <!-- test.SolitairePanelTest -->
      <class name="test.SolitaireBoardTest">
        <test-method status="PASS" signature="createBoard()[pri:0, instance:test.SolitaireBoardTest@1514735]" name="createBoard" duration-ms="470" started-at="2017-04-30T05:06:15Z" finished-at="2017-04-30T05:06:16Z">
          <reporter-output>
          </reporter-output>
        </test-method> <!-- createBoard -->
        <test-method status="PASS" signature="beforeClass()[pri:0, instance:test.SolitaireBoardTest@1514735]" name="beforeClass" is-config="true" duration-ms="0" started-at="2017-04-30T05:06:15Z" finished-at="2017-04-30T05:06:15Z">
          <reporter-output>
          </reporter-output>
        </test-method> <!-- beforeClass -->
        <test-method status="PASS" signature="dealOutCustomBoard()[pri:0, instance:test.SolitaireBoardTest@1514735]" name="dealOutCustomBoard" duration-ms="1" started-at="2017-04-30T05:06:16Z" finished-at="2017-04-30T05:06:16Z">
          <reporter-output>
          </reporter-output>
        </test-method> <!-- dealOutCustomBoard -->
        <test-method status="PASS" signature="getHint()[pri:0, instance:test.SolitaireBoardTest@1514735]" name="getHint" duration-ms="179" started-at="2017-04-30T05:06:16Z" finished-at="2017-04-30T05:06:16Z">
          <reporter-output>
          </reporter-output>
        </test-method> <!-- getHint -->
        <test-method status="PASS" signature="getTimerNextGameStatus()[pri:0, instance:test.SolitaireBoardTest@1514735]" name="getTimerNextGameStatus" duration-ms="179" started-at="2017-04-30T05:06:16Z" finished-at="2017-04-30T05:06:16Z">
          <reporter-output>
          </reporter-output>
        </test-method> <!-- getTimerNextGameStatus -->
        <test-method status="PASS" signature="newGame()[pri:0, instance:test.SolitaireBoardTest@1514735]" name="newGame" duration-ms="1365" started-at="2017-04-30T05:06:16Z" finished-at="2017-04-30T05:06:17Z">
          <reporter-output>
          </reporter-output>
        </test-method> <!-- newGame -->
        <test-method status="PASS" signature="recordGame()[pri:0, instance:test.SolitaireBoardTest@1514735]" name="recordGame" duration-ms="1" started-at="2017-04-30T05:06:17Z" finished-at="2017-04-30T05:06:17Z">
          <reporter-output>
          </reporter-output>
        </test-method> <!-- recordGame -->
        <test-method status="PASS" signature="resetStats()[pri:0, instance:test.SolitaireBoardTest@1514735]" name="resetStats" duration-ms="208" started-at="2017-04-30T05:06:17Z" finished-at="2017-04-30T05:06:18Z">
          <reporter-output>
          </reporter-output>
        </test-method> <!-- resetStats -->
        <test-method status="PASS" signature="saveOptions()[pri:0, instance:test.SolitaireBoardTest@1514735]" name="saveOptions" duration-ms="211" started-at="2017-04-30T05:06:18Z" finished-at="2017-04-30T05:06:18Z">
          <reporter-output>
          </reporter-output>
        </test-method> <!-- saveOptions -->
        <test-method status="PASS" signature="setAppearance()[pri:0, instance:test.SolitaireBoardTest@1514735]" name="setAppearance" duration-ms="551" started-at="2017-04-30T05:06:18Z" finished-at="2017-04-30T05:06:18Z">
          <reporter-output>
          </reporter-output>
        </test-method> <!-- setAppearance -->
        <test-method status="PASS" signature="setBackgroundNumber()[pri:0, instance:test.SolitaireBoardTest@1514735]" name="setBackgroundNumber" duration-ms="213" started-at="2017-04-30T05:06:18Z" finished-at="2017-04-30T05:06:19Z">
          <reporter-output>
          </reporter-output>
        </test-method> <!-- setBackgroundNumber -->
        <test-method status="PASS" signature="setDeckNumber()[pri:0, instance:test.SolitaireBoardTest@1514735]" name="setDeckNumber" duration-ms="222" started-at="2017-04-30T05:06:19Z" finished-at="2017-04-30T05:06:19Z">
          <reporter-output>
          </reporter-output>
        </test-method> <!-- setDeckNumber -->
        <test-method status="PASS" signature="setDeckThroughs()[pri:0, instance:test.SolitaireBoardTest@1514735]" name="setDeckThroughs" duration-ms="244" started-at="2017-04-30T05:06:19Z" finished-at="2017-04-30T05:06:19Z">
          <reporter-output>
          </reporter-output>
        </test-method> <!-- setDeckThroughs -->
        <test-method status="PASS" signature="setDifficulty()[pri:0, instance:test.SolitaireBoardTest@1514735]" name="setDifficulty" duration-ms="240" started-at="2017-04-30T05:06:19Z" finished-at="2017-04-30T05:06:20Z">
          <reporter-output>
          </reporter-output>
        </test-method> <!-- setDifficulty -->
        <test-method status="PASS" signature="setDrawCount()[pri:0, instance:test.SolitaireBoardTest@1514735]" name="setDrawCount" duration-ms="231" started-at="2017-04-30T05:06:20Z" finished-at="2017-04-30T05:06:20Z">
          <reporter-output>
          </reporter-output>
        </test-method> <!-- setDrawCount -->
        <test-method status="PASS" signature="setNewDifficulty()[pri:0, instance:test.SolitaireBoardTest@1514735]" name="setNewDifficulty" duration-ms="392" started-at="2017-04-30T05:06:20Z" finished-at="2017-04-30T05:06:20Z">
          <reporter-output>
          </reporter-output>
        </test-method> <!-- setNewDifficulty -->
        <test-method status="PASS" signature="setNewDrawCount()[pri:0, instance:test.SolitaireBoardTest@1514735]" name="setNewDrawCount" duration-ms="269" started-at="2017-04-30T05:06:20Z" finished-at="2017-04-30T05:06:20Z">
          <reporter-output>
          </reporter-output>
        </test-method> <!-- setNewDrawCount -->
        <test-method status="PASS" signature="setTimerStatus()[pri:0, instance:test.SolitaireBoardTest@1514735]" name="setTimerStatus" duration-ms="2216" started-at="2017-04-30T05:06:20Z" finished-at="2017-04-30T05:06:23Z">
          <reporter-output>
          </reporter-output>
        </test-method> <!-- setTimerStatus -->
        <test-method status="PASS" signature="setWinAnimationStatus()[pri:0, instance:test.SolitaireBoardTest@1514735]" name="setWinAnimationStatus" duration-ms="280" started-at="2017-04-30T05:06:23Z" finished-at="2017-04-30T05:06:23Z">
          <reporter-output>
          </reporter-output>
        </test-method> <!-- setWinAnimationStatus -->
        <test-method status="PASS" signature="setWinSoundsStatus()[pri:0, instance:test.SolitaireBoardTest@1514735]" name="setWinSoundsStatus" duration-ms="315" started-at="2017-04-30T05:06:23Z" finished-at="2017-04-30T05:06:23Z">
          <reporter-output>
          </reporter-output>
        </test-method> <!-- setWinSoundsStatus -->
        <test-method status="PASS" signature="undoMove()[pri:0, instance:test.SolitaireBoardTest@1514735]" name="undoMove" duration-ms="4" started-at="2017-04-30T05:06:23Z" finished-at="2017-04-30T05:06:23Z">
          <reporter-output>
          </reporter-output>
        </test-method> <!-- undoMove -->
        <test-method status="PASS" signature="afterClass()[pri:0, instance:test.SolitaireBoardTest@1514735]" name="afterClass" is-config="true" duration-ms="0" started-at="2017-04-30T05:06:23Z" finished-at="2017-04-30T05:06:23Z">
          <reporter-output>
          </reporter-output>
        </test-method> <!-- afterClass -->
      </class> <!-- test.SolitaireBoardTest -->
      <class name="test.ColumnTest">
        <test-method status="PASS" signature="setUp()[pri:0, instance:test.ColumnTest@deec87]" name="setUp" is-config="true" duration-ms="35" started-at="2017-04-30T05:05:50Z" finished-at="2017-04-30T05:05:50Z">
          <reporter-output>
          </reporter-output>
        </test-method> <!-- setUp -->
        <test-method status="PASS" signature="testGetAvailableCards()[pri:0, instance:test.ColumnTest@deec87]" name="testGetAvailableCards" duration-ms="29" started-at="2017-04-30T05:05:50Z" finished-at="2017-04-30T05:05:50Z">
          <reporter-output>
          </reporter-output>
        </test-method> <!-- testGetAvailableCards -->
        <test-method status="PASS" signature="setUp()[pri:0, instance:test.ColumnTest@deec87]" name="setUp" is-config="true" duration-ms="21" started-at="2017-04-30T05:05:50Z" finished-at="2017-04-30T05:05:50Z">
          <reporter-output>
          </reporter-output>
        </test-method> <!-- setUp -->
        <test-method status="PASS" signature="tearDown()[pri:0, instance:test.ColumnTest@deec87]" name="tearDown" is-config="true" duration-ms="0" started-at="2017-04-30T05:05:50Z" finished-at="2017-04-30T05:05:50Z">
          <reporter-output>
          </reporter-output>
        </test-method> <!-- tearDown -->
        <test-method status="PASS" signature="testIsValidMove()[pri:0, instance:test.ColumnTest@deec87]" name="testIsValidMove" duration-ms="2" started-at="2017-04-30T05:05:50Z" finished-at="2017-04-30T05:05:50Z">
          <reporter-output>
          </reporter-output>
        </test-method> <!-- testIsValidMove -->
        <test-method status="PASS" signature="tearDown()[pri:0, instance:test.ColumnTest@deec87]" name="tearDown" is-config="true" duration-ms="0" started-at="2017-04-30T05:05:50Z" finished-at="2017-04-30T05:05:50Z">
          <reporter-output>
          </reporter-output>
        </test-method> <!-- tearDown -->
        <test-method status="PASS" signature="setUp()[pri:0, instance:test.ColumnTest@deec87]" name="setUp" is-config="true" duration-ms="22" started-at="2017-04-30T05:05:50Z" finished-at="2017-04-30T05:05:50Z">
          <reporter-output>
          </reporter-output>
        </test-method> <!-- setUp -->
        <test-method status="PASS" signature="testPush()[pri:0, instance:test.ColumnTest@deec87]" name="testPush" duration-ms="2" started-at="2017-04-30T05:05:50Z" finished-at="2017-04-30T05:05:50Z">
          <reporter-output>
          </reporter-output>
        </test-method> <!-- testPush -->
        <test-method status="PASS" signature="tearDown()[pri:0, instance:test.ColumnTest@deec87]" name="tearDown" is-config="true" duration-ms="0" started-at="2017-04-30T05:05:50Z" finished-at="2017-04-30T05:05:50Z">
          <reporter-output>
          </reporter-output>
        </test-method> <!-- tearDown -->
        <test-method status="PASS" signature="setUp()[pri:0, instance:test.ColumnTest@deec87]" name="setUp" is-config="true" duration-ms="21" started-at="2017-04-30T05:05:50Z" finished-at="2017-04-30T05:05:50Z">
          <reporter-output>
          </reporter-output>
        </test-method> <!-- setUp -->
        <test-method status="PASS" signature="testStackIsValidMove()[pri:0, instance:test.ColumnTest@deec87]" name="testStackIsValidMove" duration-ms="2" started-at="2017-04-30T05:05:50Z" finished-at="2017-04-30T05:05:50Z">
          <reporter-output>
          </reporter-output>
        </test-method> <!-- testStackIsValidMove -->
        <test-method status="PASS" signature="tearDown()[pri:0, instance:test.ColumnTest@deec87]" name="tearDown" is-config="true" duration-ms="0" started-at="2017-04-30T05:05:50Z" finished-at="2017-04-30T05:05:50Z">
          <reporter-output>
          </reporter-output>
        </test-method> <!-- tearDown -->
      </class> <!-- test.ColumnTest -->
      <class name="test.AcePileTest">
        <test-method status="PASS" signature="setUp()[pri:0, instance:test.AcePileTest@920bd6]" name="setUp" is-config="true" duration-ms="0" started-at="2017-04-30T05:06:15Z" finished-at="2017-04-30T05:06:15Z">
          <reporter-output>
          </reporter-output>
        </test-method> <!-- setUp -->
        <test-method status="PASS" signature="AcePile()[pri:0, instance:test.AcePileTest@920bd6]" name="AcePile" duration-ms="1" started-at="2017-04-30T05:06:15Z" finished-at="2017-04-30T05:06:15Z">
          <reporter-output>
          </reporter-output>
        </test-method> <!-- AcePile -->
        <test-method status="PASS" signature="testGetCardAtLocationPoint()[pri:0, instance:test.AcePileTest@920bd6]" name="testGetCardAtLocationPoint" duration-ms="8" started-at="2017-04-30T05:06:15Z" finished-at="2017-04-30T05:06:15Z">
          <reporter-output>
          </reporter-output>
        </test-method> <!-- testGetCardAtLocationPoint -->
        <test-method status="PASS" signature="testIsValidMoveCard()[pri:0, instance:test.AcePileTest@920bd6]" name="testIsValidMoveCard" duration-ms="14" started-at="2017-04-30T05:06:15Z" finished-at="2017-04-30T05:06:15Z">
          <reporter-output>
          </reporter-output>
        </test-method> <!-- testIsValidMoveCard -->
        <test-method status="PASS" signature="testIsValidMoveCardStack()[pri:0, instance:test.AcePileTest@920bd6]" name="testIsValidMoveCardStack" duration-ms="1" started-at="2017-04-30T05:06:15Z" finished-at="2017-04-30T05:06:15Z">
          <reporter-output>
          </reporter-output>
        </test-method> <!-- testIsValidMoveCardStack -->
        <test-method status="PASS" signature="testPushCard()[pri:0, instance:test.AcePileTest@920bd6]" name="testPushCard" duration-ms="12" started-at="2017-04-30T05:06:15Z" finished-at="2017-04-30T05:06:15Z">
          <reporter-output>
          </reporter-output>
        </test-method> <!-- testPushCard -->
        <test-method status="PASS" signature="tearDown()[pri:0, instance:test.AcePileTest@920bd6]" name="tearDown" is-config="true" duration-ms="0" started-at="2017-04-30T05:06:15Z" finished-at="2017-04-30T05:06:15Z">
          <reporter-output>
          </reporter-output>
        </test-method> <!-- tearDown -->
      </class> <!-- test.AcePileTest -->
      <class name="test.ChangeOptionsTest">
        <test-method status="PASS" signature="beforeClass()[pri:0, instance:test.ChangeOptionsTest@5df5dc]" name="beforeClass" is-config="true" duration-ms="0" started-at="2017-04-30T05:05:57Z" finished-at="2017-04-30T05:05:57Z">
          <reporter-output>
          </reporter-output>
        </test-method> <!-- beforeClass -->
        <test-method status="PASS" signature="ChangeOptions()[pri:0, instance:test.ChangeOptionsTest@5df5dc]" name="ChangeOptions" duration-ms="9198" started-at="2017-04-30T05:05:57Z" finished-at="2017-04-30T05:06:06Z">
          <reporter-output>
          </reporter-output>
        </test-method> <!-- ChangeOptions -->
        <test-method status="PASS" signature="actionPerformed()[pri:0, instance:test.ChangeOptionsTest@5df5dc]" name="actionPerformed" duration-ms="5077" started-at="2017-04-30T05:06:06Z" finished-at="2017-04-30T05:06:11Z">
          <reporter-output>
          </reporter-output>
        </test-method> <!-- actionPerformed -->
        <test-method status="PASS" signature="getAnimation()[pri:0, instance:test.ChangeOptionsTest@5df5dc]" name="getAnimation" duration-ms="1" started-at="2017-04-30T05:06:11Z" finished-at="2017-04-30T05:06:11Z">
          <reporter-output>
          </reporter-output>
        </test-method> <!-- getAnimation -->
        <test-method status="PASS" signature="getDifficulty()[pri:0, instance:test.ChangeOptionsTest@5df5dc]" name="getDifficulty" duration-ms="1" started-at="2017-04-30T05:06:11Z" finished-at="2017-04-30T05:06:11Z">
          <reporter-output>
          </reporter-output>
        </test-method> <!-- getDifficulty -->
        <test-method status="PASS" signature="getDrawCount()[pri:0, instance:test.ChangeOptionsTest@5df5dc]" name="getDrawCount" duration-ms="1" started-at="2017-04-30T05:06:11Z" finished-at="2017-04-30T05:06:11Z">
          <reporter-output>
          </reporter-output>
        </test-method> <!-- getDrawCount -->
        <test-method status="PASS" signature="getSounds()[pri:0, instance:test.ChangeOptionsTest@5df5dc]" name="getSounds" duration-ms="1" started-at="2017-04-30T05:06:11Z" finished-at="2017-04-30T05:06:11Z">
          <reporter-output>
          </reporter-output>
        </test-method> <!-- getSounds -->
        <test-method status="PASS" signature="getTimer()[pri:0, instance:test.ChangeOptionsTest@5df5dc]" name="getTimer" duration-ms="1" started-at="2017-04-30T05:06:11Z" finished-at="2017-04-30T05:06:11Z">
          <reporter-output>
          </reporter-output>
        </test-method> <!-- getTimer -->
        <test-method status="PASS" signature="setup()[pri:0, instance:test.ChangeOptionsTest@5df5dc]" name="setup" duration-ms="1" started-at="2017-04-30T05:06:11Z" finished-at="2017-04-30T05:06:11Z">
          <reporter-output>
          </reporter-output>
        </test-method> <!-- setup -->
        <test-method status="PASS" signature="afterClass()[pri:0, instance:test.ChangeOptionsTest@5df5dc]" name="afterClass" is-config="true" duration-ms="0" started-at="2017-04-30T05:06:11Z" finished-at="2017-04-30T05:06:11Z">
          <reporter-output>
          </reporter-output>
        </test-method> <!-- afterClass -->
      </class> <!-- test.ChangeOptionsTest -->
      <class name="test.WinScreenTest">
        <test-method status="PASS" signature="beforeClass()[pri:0, instance:test.WinScreenTest@1aee22a]" name="beforeClass" is-config="true" duration-ms="0" started-at="2017-04-30T05:06:15Z" finished-at="2017-04-30T05:06:15Z">
          <reporter-output>
          </reporter-output>
        </test-method> <!-- beforeClass -->
        <test-method status="PASS" signature="test_instantiation()[pri:0, instance:test.WinScreenTest@1aee22a]" name="test_instantiation" duration-ms="525" started-at="2017-04-30T05:06:15Z" finished-at="2017-04-30T05:06:15Z">
          <reporter-output>
          </reporter-output>
        </test-method> <!-- test_instantiation -->
        <test-method status="PASS" signature="test_type()[pri:0, instance:test.WinScreenTest@1aee22a]" name="test_type" duration-ms="2" started-at="2017-04-30T05:06:15Z" finished-at="2017-04-30T05:06:15Z">
          <reporter-output>
          </reporter-output>
        </test-method> <!-- test_type -->
        <test-method status="PASS" signature="afterClass()[pri:0, instance:test.WinScreenTest@1aee22a]" name="afterClass" is-config="true" duration-ms="1" started-at="2017-04-30T05:06:15Z" finished-at="2017-04-30T05:06:15Z">
          <reporter-output>
          </reporter-output>
        </test-method> <!-- afterClass -->
      </class> <!-- test.WinScreenTest -->
      <class name="test.ChangeAppearanceTest">
        <test-method status="PASS" signature="ChangeAppearance()[pri:0, instance:test.ChangeAppearanceTest@1cc3f27]" name="ChangeAppearance" duration-ms="3" started-at="2017-04-30T05:06:13Z" finished-at="2017-04-30T05:06:13Z">
          <reporter-output>
          </reporter-output>
        </test-method> <!-- ChangeAppearance -->
        <test-method status="PASS" signature="getBackgroundNumber()[pri:0, instance:test.ChangeAppearanceTest@1cc3f27]" name="getBackgroundNumber" duration-ms="1297" started-at="2017-04-30T05:06:13Z" finished-at="2017-04-30T05:06:14Z">
          <reporter-output>
          </reporter-output>
        </test-method> <!-- getBackgroundNumber -->
        <test-method status="PASS" signature="getDeckNumber()[pri:0, instance:test.ChangeAppearanceTest@1cc3f27]" name="getDeckNumber" duration-ms="657" started-at="2017-04-30T05:06:14Z" finished-at="2017-04-30T05:06:15Z">
          <reporter-output>
          </reporter-output>
        </test-method> <!-- getDeckNumber -->
      </class> <!-- test.ChangeAppearanceTest -->
      <class name="test.DealDeckTest">
        <test-method status="PASS" signature="beforeClass()[pri:0, instance:test.DealDeckTest@a7b67f]" name="beforeClass" is-config="true" duration-ms="16" started-at="2017-04-30T05:06:11Z" finished-at="2017-04-30T05:06:11Z">
          <reporter-output>
          </reporter-output>
        </test-method> <!-- beforeClass -->
        <test-method status="PASS" signature="DealDeck()[pri:0, instance:test.DealDeckTest@a7b67f]" name="DealDeck" duration-ms="1" started-at="2017-04-30T05:06:11Z" finished-at="2017-04-30T05:06:11Z">
          <reporter-output>
          </reporter-output>
        </test-method> <!-- DealDeck -->
        <test-method status="PASS" signature="afterClass()[pri:0, instance:test.DealDeckTest@a7b67f]" name="afterClass" is-config="true" duration-ms="0" started-at="2017-04-30T05:06:11Z" finished-at="2017-04-30T05:06:11Z">
          <reporter-output>
          </reporter-output>
        </test-method> <!-- afterClass -->
        <test-method status="PASS" signature="beforeClass()[pri:0, instance:test.DealDeckTest@a7b67f]" name="beforeClass" is-config="true" duration-ms="12" started-at="2017-04-30T05:06:11Z" finished-at="2017-04-30T05:06:11Z">
          <reporter-output>
          </reporter-output>
        </test-method> <!-- beforeClass -->
        <test-method status="PASS" signature="getDeckThroughs()[pri:0, instance:test.DealDeckTest@a7b67f]" name="getDeckThroughs" duration-ms="1" started-at="2017-04-30T05:06:11Z" finished-at="2017-04-30T05:06:11Z">
          <reporter-output>
          </reporter-output>
        </test-method> <!-- getDeckThroughs -->
        <test-method status="PASS" signature="afterClass()[pri:0, instance:test.DealDeckTest@a7b67f]" name="afterClass" is-config="true" duration-ms="0" started-at="2017-04-30T05:06:11Z" finished-at="2017-04-30T05:06:11Z">
          <reporter-output>
          </reporter-output>
        </test-method> <!-- afterClass -->
        <test-method status="PASS" signature="beforeClass()[pri:0, instance:test.DealDeckTest@a7b67f]" name="beforeClass" is-config="true" duration-ms="13" started-at="2017-04-30T05:06:11Z" finished-at="2017-04-30T05:06:11Z">
          <reporter-output>
          </reporter-output>
        </test-method> <!-- beforeClass -->
        <test-method status="PASS" signature="hasDealsLeft()[pri:0, instance:test.DealDeckTest@a7b67f]" name="hasDealsLeft" duration-ms="567" started-at="2017-04-30T05:06:11Z" finished-at="2017-04-30T05:06:11Z">
          <reporter-output>
          </reporter-output>
        </test-method> <!-- hasDealsLeft -->
        <test-method status="PASS" signature="beforeClass()[pri:0, instance:test.DealDeckTest@a7b67f]" name="beforeClass" is-config="true" duration-ms="15" started-at="2017-04-30T05:06:11Z" finished-at="2017-04-30T05:06:11Z">
          <reporter-output>
          </reporter-output>
        </test-method> <!-- beforeClass -->
        <test-method status="PASS" signature="afterClass()[pri:0, instance:test.DealDeckTest@a7b67f]" name="afterClass" is-config="true" duration-ms="0" started-at="2017-04-30T05:06:11Z" finished-at="2017-04-30T05:06:11Z">
          <reporter-output>
          </reporter-output>
        </test-method> <!-- afterClass -->
        <test-method status="PASS" signature="isValidMoveCard()[pri:0, instance:test.DealDeckTest@a7b67f]" name="isValidMoveCard" duration-ms="21" started-at="2017-04-30T05:06:11Z" finished-at="2017-04-30T05:06:11Z">
          <reporter-output>
          </reporter-output>
        </test-method> <!-- isValidMoveCard -->
        <test-method status="PASS" signature="afterClass()[pri:0, instance:test.DealDeckTest@a7b67f]" name="afterClass" is-config="true" duration-ms="0" started-at="2017-04-30T05:06:11Z" finished-at="2017-04-30T05:06:11Z">
          <reporter-output>
          </reporter-output>
        </test-method> <!-- afterClass -->
        <test-method status="PASS" signature="beforeClass()[pri:0, instance:test.DealDeckTest@a7b67f]" name="beforeClass" is-config="true" duration-ms="14" started-at="2017-04-30T05:06:11Z" finished-at="2017-04-30T05:06:11Z">
          <reporter-output>
          </reporter-output>
        </test-method> <!-- beforeClass -->
        <test-method status="PASS" signature="isValidMoveCardStack()[pri:0, instance:test.DealDeckTest@a7b67f]" name="isValidMoveCardStack" duration-ms="19" started-at="2017-04-30T05:06:11Z" finished-at="2017-04-30T05:06:11Z">
          <reporter-output>
          </reporter-output>
        </test-method> <!-- isValidMoveCardStack -->
        <test-method status="PASS" signature="afterClass()[pri:0, instance:test.DealDeckTest@a7b67f]" name="afterClass" is-config="true" duration-ms="1" started-at="2017-04-30T05:06:11Z" finished-at="2017-04-30T05:06:11Z">
          <reporter-output>
          </reporter-output>
        </test-method> <!-- afterClass -->
        <test-method status="PASS" signature="beforeClass()[pri:0, instance:test.DealDeckTest@a7b67f]" name="beforeClass" is-config="true" duration-ms="13" started-at="2017-04-30T05:06:11Z" finished-at="2017-04-30T05:06:12Z">
          <reporter-output>
          </reporter-output>
        </test-method> <!-- beforeClass -->
        <test-method status="PASS" signature="pop()[pri:0, instance:test.DealDeckTest@a7b67f]" name="pop" duration-ms="497" started-at="2017-04-30T05:06:12Z" finished-at="2017-04-30T05:06:12Z">
          <reporter-output>
          </reporter-output>
        </test-method> <!-- pop -->
        <test-method status="PASS" signature="afterClass()[pri:0, instance:test.DealDeckTest@a7b67f]" name="afterClass" is-config="true" duration-ms="1" started-at="2017-04-30T05:06:12Z" finished-at="2017-04-30T05:06:12Z">
          <reporter-output>
          </reporter-output>
        </test-method> <!-- afterClass -->
        <test-method status="PASS" signature="beforeClass()[pri:0, instance:test.DealDeckTest@a7b67f]" name="beforeClass" is-config="true" duration-ms="15" started-at="2017-04-30T05:06:12Z" finished-at="2017-04-30T05:06:12Z">
          <reporter-output>
          </reporter-output>
        </test-method> <!-- beforeClass -->
        <test-method status="PASS" signature="reset()[pri:0, instance:test.DealDeckTest@a7b67f]" name="reset" duration-ms="1" started-at="2017-04-30T05:06:12Z" finished-at="2017-04-30T05:06:12Z">
          <reporter-output>
          </reporter-output>
        </test-method> <!-- reset -->
        <test-method status="PASS" signature="afterClass()[pri:0, instance:test.DealDeckTest@a7b67f]" name="afterClass" is-config="true" duration-ms="0" started-at="2017-04-30T05:06:12Z" finished-at="2017-04-30T05:06:12Z">
          <reporter-output>
          </reporter-output>
        </test-method> <!-- afterClass -->
        <test-method status="PASS" signature="beforeClass()[pri:0, instance:test.DealDeckTest@a7b67f]" name="beforeClass" is-config="true" duration-ms="16" started-at="2017-04-30T05:06:12Z" finished-at="2017-04-30T05:06:12Z">
          <reporter-output>
          </reporter-output>
        </test-method> <!-- beforeClass -->
        <test-method status="PASS" signature="setDeck()[pri:0, instance:test.DealDeckTest@a7b67f]" name="setDeck" duration-ms="16" started-at="2017-04-30T05:06:12Z" finished-at="2017-04-30T05:06:12Z">
          <reporter-output>
          </reporter-output>
        </test-method> <!-- setDeck -->
        <test-method status="PASS" signature="afterClass()[pri:0, instance:test.DealDeckTest@a7b67f]" name="afterClass" is-config="true" duration-ms="0" started-at="2017-04-30T05:06:12Z" finished-at="2017-04-30T05:06:12Z">
          <reporter-output>
          </reporter-output>
        </test-method> <!-- afterClass -->
        <test-method status="PASS" signature="beforeClass()[pri:0, instance:test.DealDeckTest@a7b67f]" name="beforeClass" is-config="true" duration-ms="13" started-at="2017-04-30T05:06:12Z" finished-at="2017-04-30T05:06:12Z">
          <reporter-output>
          </reporter-output>
        </test-method> <!-- beforeClass -->
        <test-method status="PASS" signature="setDeckThroughs()[pri:0, instance:test.DealDeckTest@a7b67f]" name="setDeckThroughs" duration-ms="1" started-at="2017-04-30T05:06:12Z" finished-at="2017-04-30T05:06:12Z">
          <reporter-output>
          </reporter-output>
        </test-method> <!-- setDeckThroughs -->
        <test-method status="PASS" signature="afterClass()[pri:0, instance:test.DealDeckTest@a7b67f]" name="afterClass" is-config="true" duration-ms="1" started-at="2017-04-30T05:06:12Z" finished-at="2017-04-30T05:06:12Z">
          <reporter-output>
          </reporter-output>
        </test-method> <!-- afterClass -->
        <test-method status="PASS" signature="beforeClass()[pri:0, instance:test.DealDeckTest@a7b67f]" name="beforeClass" is-config="true" duration-ms="13" started-at="2017-04-30T05:06:12Z" finished-at="2017-04-30T05:06:12Z">
          <reporter-output>
          </reporter-output>
        </test-method> <!-- beforeClass -->
        <test-method status="PASS" signature="setDifficulty()[pri:0, instance:test.DealDeckTest@a7b67f]" name="setDifficulty" duration-ms="1" started-at="2017-04-30T05:06:12Z" finished-at="2017-04-30T05:06:12Z">
          <reporter-output>
          </reporter-output>
        </test-method> <!-- setDifficulty -->
        <test-method status="PASS" signature="afterClass()[pri:0, instance:test.DealDeckTest@a7b67f]" name="afterClass" is-config="true" duration-ms="0" started-at="2017-04-30T05:06:12Z" finished-at="2017-04-30T05:06:12Z">
          <reporter-output>
          </reporter-output>
        </test-method> <!-- afterClass -->
        <test-method status="PASS" signature="beforeClass()[pri:0, instance:test.DealDeckTest@a7b67f]" name="beforeClass" is-config="true" duration-ms="15" started-at="2017-04-30T05:06:12Z" finished-at="2017-04-30T05:06:12Z">
          <reporter-output>
          </reporter-output>
        </test-method> <!-- beforeClass -->
        <test-method status="PASS" signature="setDrawCount()[pri:0, instance:test.DealDeckTest@a7b67f]" name="setDrawCount" duration-ms="24" started-at="2017-04-30T05:06:12Z" finished-at="2017-04-30T05:06:12Z">
          <reporter-output>
          </reporter-output>
        </test-method> <!-- setDrawCount -->
        <test-method status="PASS" signature="beforeClass()[pri:0, instance:test.DealDeckTest@a7b67f]" name="beforeClass" is-config="true" duration-ms="14" started-at="2017-04-30T05:06:12Z" finished-at="2017-04-30T05:06:12Z">
          <reporter-output>
          </reporter-output>
        </test-method> <!-- beforeClass -->
        <test-method status="PASS" signature="afterClass()[pri:0, instance:test.DealDeckTest@a7b67f]" name="afterClass" is-config="true" duration-ms="0" started-at="2017-04-30T05:06:12Z" finished-at="2017-04-30T05:06:12Z">
          <reporter-output>
          </reporter-output>
        </test-method> <!-- afterClass -->
        <test-method status="PASS" signature="undoPop()[pri:0, instance:test.DealDeckTest@a7b67f]" name="undoPop" duration-ms="606" started-at="2017-04-30T05:06:12Z" finished-at="2017-04-30T05:06:13Z">
          <reporter-output>
          </reporter-output>
        </test-method> <!-- undoPop -->
        <test-method status="PASS" signature="afterClass()[pri:0, instance:test.DealDeckTest@a7b67f]" name="afterClass" is-config="true" duration-ms="0" started-at="2017-04-30T05:06:13Z" finished-at="2017-04-30T05:06:13Z">
          <reporter-output>
          </reporter-output>
        </test-method> <!-- afterClass -->
      </class> <!-- test.DealDeckTest -->
      <class name="test.FireworksDisplayTest">
        <test-method status="PASS" signature="beforeClass()[pri:0, instance:test.FireworksDisplayTest@4e8fdf]" name="beforeClass" is-config="true" duration-ms="2" started-at="2017-04-30T05:05:56Z" finished-at="2017-04-30T05:05:56Z">
          <reporter-output>
          </reporter-output>
        </test-method> <!-- beforeClass -->
        <test-method status="PASS" signature="FireworksDisplay()[pri:0, instance:test.FireworksDisplayTest@4e8fdf]" name="FireworksDisplay" duration-ms="1" started-at="2017-04-30T05:05:56Z" finished-at="2017-04-30T05:05:56Z">
          <reporter-output>
          </reporter-output>
        </test-method> <!-- FireworksDisplay -->
        <test-method status="PASS" signature="randomColor()[pri:0, instance:test.FireworksDisplayTest@4e8fdf]" name="randomColor" duration-ms="1" started-at="2017-04-30T05:05:56Z" finished-at="2017-04-30T05:05:56Z">
          <reporter-output>
          </reporter-output>
        </test-method> <!-- randomColor -->
        <test-method status="PASS" signature="afterClass()[pri:0, instance:test.FireworksDisplayTest@4e8fdf]" name="afterClass" is-config="true" duration-ms="0" started-at="2017-04-30T05:05:56Z" finished-at="2017-04-30T05:05:56Z">
          <reporter-output>
          </reporter-output>
        </test-method> <!-- afterClass -->
      </class> <!-- test.FireworksDisplayTest -->
      <class name="test.DiscardPileTest">
        <test-method status="PASS" signature="setUp()[pri:0, instance:test.DiscardPileTest@cc183e]" name="setUp" is-config="true" duration-ms="11" started-at="2017-04-30T05:05:56Z" finished-at="2017-04-30T05:05:56Z">
          <reporter-output>
          </reporter-output>
        </test-method> <!-- setUp -->
        <test-method status="PASS" signature="DiscardPile()[pri:0, instance:test.DiscardPileTest@cc183e]" name="DiscardPile" duration-ms="2" started-at="2017-04-30T05:05:56Z" finished-at="2017-04-30T05:05:56Z">
          <reporter-output>
          </reporter-output>
        </test-method> <!-- DiscardPile -->
        <test-method status="PASS" signature="addCard()[pri:0, instance:test.DiscardPileTest@cc183e]" name="addCard" duration-ms="4" started-at="2017-04-30T05:05:56Z" finished-at="2017-04-30T05:05:56Z">
          <reporter-output>
          </reporter-output>
        </test-method> <!-- addCard -->
        <test-method status="PASS" signature="addStack()[pri:0, instance:test.DiscardPileTest@cc183e]" name="addStack" duration-ms="7" started-at="2017-04-30T05:05:56Z" finished-at="2017-04-30T05:05:56Z">
          <reporter-output>
          </reporter-output>
        </test-method> <!-- addStack -->
        <test-method status="PASS" signature="isValidMoveCard()[pri:0, instance:test.DiscardPileTest@cc183e]" name="isValidMoveCard" duration-ms="1" started-at="2017-04-30T05:05:56Z" finished-at="2017-04-30T05:05:56Z">
          <reporter-output>
          </reporter-output>
        </test-method> <!-- isValidMoveCard -->
        <test-method status="PASS" signature="isValidMoveCardStack()[pri:0, instance:test.DiscardPileTest@cc183e]" name="isValidMoveCardStack" duration-ms="1" started-at="2017-04-30T05:05:56Z" finished-at="2017-04-30T05:05:56Z">
          <reporter-output>
          </reporter-output>
        </test-method> <!-- isValidMoveCardStack -->
        <test-method status="PASS" signature="pop()[pri:0, instance:test.DiscardPileTest@cc183e]" name="pop" duration-ms="1" started-at="2017-04-30T05:05:56Z" finished-at="2017-04-30T05:05:56Z">
          <reporter-output>
          </reporter-output>
        </test-method> <!-- pop -->
        <test-method status="PASS" signature="pushCard()[pri:0, instance:test.DiscardPileTest@cc183e]" name="pushCard" duration-ms="7" started-at="2017-04-30T05:05:56Z" finished-at="2017-04-30T05:05:56Z">
          <reporter-output>
          </reporter-output>
        </test-method> <!-- pushCard -->
        <test-method status="PASS" signature="pushCardStack()[pri:0, instance:test.DiscardPileTest@cc183e]" name="pushCardStack" duration-ms="5" started-at="2017-04-30T05:05:56Z" finished-at="2017-04-30T05:05:56Z">
          <reporter-output>
          </reporter-output>
        </test-method> <!-- pushCardStack -->
        <test-method status="PASS" signature="setView()[pri:0, instance:test.DiscardPileTest@cc183e]" name="setView" duration-ms="2" started-at="2017-04-30T05:05:56Z" finished-at="2017-04-30T05:05:56Z">
          <reporter-output>
          </reporter-output>
        </test-method> <!-- setView -->
        <test-method status="PASS" signature="testGetCardAtLocationPoint()[pri:0, instance:test.DiscardPileTest@cc183e]" name="testGetCardAtLocationPoint" duration-ms="1" started-at="2017-04-30T05:05:56Z" finished-at="2017-04-30T05:05:56Z">
          <reporter-output>
          </reporter-output>
        </test-method> <!-- testGetCardAtLocationPoint -->
        <test-method status="PASS" signature="testGetNumViewableCards()[pri:0, instance:test.DiscardPileTest@cc183e]" name="testGetNumViewableCards" duration-ms="1" started-at="2017-04-30T05:05:56Z" finished-at="2017-04-30T05:05:56Z">
          <reporter-output>
          </reporter-output>
        </test-method> <!-- testGetNumViewableCards -->
        <test-method status="PASS" signature="testUndoPop()[pri:0, instance:test.DiscardPileTest@cc183e]" name="testUndoPop" duration-ms="1" started-at="2017-04-30T05:05:56Z" finished-at="2017-04-30T05:05:56Z">
          <reporter-output>
          </reporter-output>
        </test-method> <!-- testUndoPop -->
        <test-method status="PASS" signature="tearDown()[pri:0, instance:test.DiscardPileTest@cc183e]" name="tearDown" is-config="true" duration-ms="0" started-at="2017-04-30T05:05:56Z" finished-at="2017-04-30T05:05:56Z">
          <reporter-output>
          </reporter-output>
        </test-method> <!-- tearDown -->
      </class> <!-- test.DiscardPileTest -->
      <class name="test.CardTest">
        <test-method status="PASS" signature="setUp()[pri:0, instance:test.CardTest@721044]" name="setUp" is-config="true" duration-ms="14" started-at="2017-04-30T05:05:56Z" finished-at="2017-04-30T05:05:56Z">
          <reporter-output>
          </reporter-output>
        </test-method> <!-- setUp -->
        <test-method status="PASS" signature="cardImageTest()[pri:0, instance:test.CardTest@721044]" name="cardImageTest" duration-ms="2" started-at="2017-04-30T05:05:56Z" finished-at="2017-04-30T05:05:56Z">
          <reporter-output>
          </reporter-output>
        </test-method> <!-- cardImageTest -->
        <test-method status="PASS" signature="cloneTest()[pri:0, instance:test.CardTest@721044]" name="cloneTest" duration-ms="5" started-at="2017-04-30T05:05:56Z" finished-at="2017-04-30T05:05:56Z">
          <reporter-output>
          </reporter-output>
        </test-method> <!-- cloneTest -->
        <test-method status="PASS" signature="faceUpTest()[pri:0, instance:test.CardTest@721044]" name="faceUpTest" duration-ms="8" started-at="2017-04-30T05:05:56Z" finished-at="2017-04-30T05:05:56Z">
          <reporter-output>
          </reporter-output>
        </test-method> <!-- faceUpTest -->
        <test-method status="PASS" signature="gettersTest()[pri:0, instance:test.CardTest@721044]" name="gettersTest" duration-ms="1" started-at="2017-04-30T05:05:56Z" finished-at="2017-04-30T05:05:56Z">
          <reporter-output>
          </reporter-output>
        </test-method> <!-- gettersTest -->
        <test-method status="PASS" signature="highlightTest()[pri:0, instance:test.CardTest@721044]" name="highlightTest" duration-ms="8" started-at="2017-04-30T05:05:56Z" finished-at="2017-04-30T05:05:56Z">
          <reporter-output>
          </reporter-output>
        </test-method> <!-- highlightTest -->
        <test-method status="PASS" signature="test()[pri:0, instance:test.CardTest@721044]" name="test" duration-ms="54" started-at="2017-04-30T05:05:56Z" finished-at="2017-04-30T05:05:57Z">
          <reporter-output>
          </reporter-output>
        </test-method> <!-- test -->
        <test-method status="PASS" signature="validSuitTest()[pri:0, instance:test.CardTest@721044]" name="validSuitTest" duration-ms="1" started-at="2017-04-30T05:05:57Z" finished-at="2017-04-30T05:05:57Z">
          <reporter-output>
          </reporter-output>
        </test-method> <!-- validSuitTest -->
        <test-method status="PASS" signature="tearDown()[pri:0, instance:test.CardTest@721044]" name="tearDown" is-config="true" duration-ms="0" started-at="2017-04-30T05:05:57Z" finished-at="2017-04-30T05:05:57Z">
          <reporter-output>
          </reporter-output>
        </test-method> <!-- tearDown -->
      </class> <!-- test.CardTest -->
    </test> <!-- Test -->
  </suite> <!-- Suite -->
</testng-results>
