<?xml version="1.0" encoding="UTF-8"?>
<testng-results skipped="0" failed="0" ignored="0" total="4" passed="4">
  <reporter-output>
  </reporter-output>
  <suite name="Default suite" duration-ms="1502" started-at="2017-04-28T13:59:12Z" finished-at="2017-04-28T13:59:14Z">
    <groups>
    </groups>
    <test name="Default test" duration-ms="1502" started-at="2017-04-28T13:59:12Z" finished-at="2017-04-28T13:59:14Z">
      <class name="test.ColumnTest">
        <test-method status="PASS" signature="setUp()[pri:0, instance:test.ColumnTest@1dd7796b]" name="setUp" is-config="true" duration-ms="67" started-at="2017-04-28T08:59:13Z" finished-at="2017-04-28T08:59:13Z">
          <reporter-output>
          </reporter-output>
        </test-method> <!-- setUp -->
        <test-method status="PASS" signature="testGetAvailableCards()[pri:0, instance:test.ColumnTest@1dd7796b]" name="testGetAvailableCards" duration-ms="985" started-at="2017-04-28T08:59:13Z" finished-at="2017-04-28T08:59:14Z">
          <reporter-output>
          </reporter-output>
        </test-method> <!-- testGetAvailableCards -->
        <test-method status="PASS" signature="testIsValidMove()[pri:0, instance:test.ColumnTest@1dd7796b]" name="testIsValidMove" duration-ms="32" started-at="2017-04-28T08:59:14Z" finished-at="2017-04-28T08:59:14Z">
          <reporter-output>
          </reporter-output>
        </test-method> <!-- testIsValidMove -->
        <test-method status="PASS" signature="testPush()[pri:0, instance:test.ColumnTest@1dd7796b]" name="testPush" duration-ms="140" started-at="2017-04-28T08:59:14Z" finished-at="2017-04-28T08:59:14Z">
          <reporter-output>
          </reporter-output>
        </test-method> <!-- testPush -->
        <test-method status="PASS" signature="testStackIsValidMove()[pri:0, instance:test.ColumnTest@1dd7796b]" name="testStackIsValidMove" duration-ms="9" started-at="2017-04-28T08:59:14Z" finished-at="2017-04-28T08:59:14Z">
          <reporter-output>
          </reporter-output>
        </test-method> <!-- testStackIsValidMove -->
        <test-method status="PASS" signature="tearDown()[pri:0, instance:test.ColumnTest@1dd7796b]" name="tearDown" is-config="true" duration-ms="0" started-at="2017-04-28T08:59:14Z" finished-at="2017-04-28T08:59:14Z">
          <reporter-output>
          </reporter-output>
        </test-method> <!-- tearDown -->
      </class> <!-- test.ColumnTest -->
    </test> <!-- Default test -->
  </suite> <!-- Default suite -->
</testng-results>
