<?xml version="1.0" encoding="UTF-8"?>
<testng-results skipped="0" failed="0" ignored="0" total="12" passed="12">
  <reporter-output>
  </reporter-output>
  <suite name="Default suite" duration-ms="3519" started-at="2017-04-29T04:41:21Z" finished-at="2017-04-29T04:41:25Z">
    <groups>
    </groups>
    <test name="Default test" duration-ms="3519" started-at="2017-04-29T04:41:21Z" finished-at="2017-04-29T04:41:25Z">
      <class name="test.DealDeckTest">
        <test-method status="PASS" signature="beforeClass()[pri:0, instance:test.DealDeckTest@42714a7]" name="beforeClass" is-config="true" duration-ms="323" started-at="2017-04-28T23:41:21Z" finished-at="2017-04-28T23:41:22Z">
          <reporter-output>
          </reporter-output>
        </test-method> <!-- beforeClass -->
        <test-method status="PASS" signature="DealDeck()[pri:0, instance:test.DealDeckTest@42714a7]" name="DealDeck" duration-ms="20" started-at="2017-04-28T23:41:22Z" finished-at="2017-04-28T23:41:22Z">
          <reporter-output>
          </reporter-output>
        </test-method> <!-- DealDeck -->
        <test-method status="PASS" signature="afterClass()[pri:0, instance:test.DealDeckTest@42714a7]" name="afterClass" is-config="true" duration-ms="1" started-at="2017-04-28T23:41:22Z" finished-at="2017-04-28T23:41:22Z">
          <reporter-output>
          </reporter-output>
        </test-method> <!-- afterClass -->
        <test-method status="PASS" signature="beforeClass()[pri:0, instance:test.DealDeckTest@42714a7]" name="beforeClass" is-config="true" duration-ms="11" started-at="2017-04-28T23:41:22Z" finished-at="2017-04-28T23:41:22Z">
          <reporter-output>
          </reporter-output>
        </test-method> <!-- beforeClass -->
        <test-method status="PASS" signature="getDeckThroughs()[pri:0, instance:test.DealDeckTest@42714a7]" name="getDeckThroughs" duration-ms="2" started-at="2017-04-28T23:41:22Z" finished-at="2017-04-28T23:41:22Z">
          <reporter-output>
          </reporter-output>
        </test-method> <!-- getDeckThroughs -->
        <test-method status="PASS" signature="afterClass()[pri:0, instance:test.DealDeckTest@42714a7]" name="afterClass" is-config="true" duration-ms="0" started-at="2017-04-28T23:41:22Z" finished-at="2017-04-28T23:41:22Z">
          <reporter-output>
          </reporter-output>
        </test-method> <!-- afterClass -->
        <test-method status="PASS" signature="beforeClass()[pri:0, instance:test.DealDeckTest@42714a7]" name="beforeClass" is-config="true" duration-ms="10" started-at="2017-04-28T23:41:22Z" finished-at="2017-04-28T23:41:22Z">
          <reporter-output>
          </reporter-output>
        </test-method> <!-- beforeClass -->
        <test-method status="PASS" signature="hasDealsLeft()[pri:0, instance:test.DealDeckTest@42714a7]" name="hasDealsLeft" duration-ms="1937" started-at="2017-04-28T23:41:22Z" finished-at="2017-04-28T23:41:24Z">
          <reporter-output>
          </reporter-output>
        </test-method> <!-- hasDealsLeft -->
        <test-method status="PASS" signature="afterClass()[pri:0, instance:test.DealDeckTest@42714a7]" name="afterClass" is-config="true" duration-ms="0" started-at="2017-04-28T23:41:24Z" finished-at="2017-04-28T23:41:24Z">
          <reporter-output>
          </reporter-output>
        </test-method> <!-- afterClass -->
        <test-method status="PASS" signature="beforeClass()[pri:0, instance:test.DealDeckTest@42714a7]" name="beforeClass" is-config="true" duration-ms="15" started-at="2017-04-28T23:41:24Z" finished-at="2017-04-28T23:41:24Z">
          <reporter-output>
          </reporter-output>
        </test-method> <!-- beforeClass -->
        <test-method status="PASS" signature="isValidMoveCard()[pri:0, instance:test.DealDeckTest@42714a7]" name="isValidMoveCard" duration-ms="10" started-at="2017-04-28T23:41:24Z" finished-at="2017-04-28T23:41:24Z">
          <reporter-output>
          </reporter-output>
        </test-method> <!-- isValidMoveCard -->
        <test-method status="PASS" signature="afterClass()[pri:0, instance:test.DealDeckTest@42714a7]" name="afterClass" is-config="true" duration-ms="0" started-at="2017-04-28T23:41:24Z" finished-at="2017-04-28T23:41:24Z">
          <reporter-output>
          </reporter-output>
        </test-method> <!-- afterClass -->
        <test-method status="PASS" signature="beforeClass()[pri:0, instance:test.DealDeckTest@42714a7]" name="beforeClass" is-config="true" duration-ms="6" started-at="2017-04-28T23:41:24Z" finished-at="2017-04-28T23:41:24Z">
          <reporter-output>
          </reporter-output>
        </test-method> <!-- beforeClass -->
        <test-method status="PASS" signature="isValidMoveCardStack()[pri:0, instance:test.DealDeckTest@42714a7]" name="isValidMoveCardStack" duration-ms="10" started-at="2017-04-28T23:41:24Z" finished-at="2017-04-28T23:41:24Z">
          <reporter-output>
          </reporter-output>
        </test-method> <!-- isValidMoveCardStack -->
        <test-method status="PASS" signature="afterClass()[pri:0, instance:test.DealDeckTest@42714a7]" name="afterClass" is-config="true" duration-ms="0" started-at="2017-04-28T23:41:24Z" finished-at="2017-04-28T23:41:24Z">
          <reporter-output>
          </reporter-output>
        </test-method> <!-- afterClass -->
        <test-method status="PASS" signature="beforeClass()[pri:0, instance:test.DealDeckTest@42714a7]" name="beforeClass" is-config="true" duration-ms="9" started-at="2017-04-28T23:41:24Z" finished-at="2017-04-28T23:41:24Z">
          <reporter-output>
          </reporter-output>
        </test-method> <!-- beforeClass -->
        <test-method status="PASS" signature="pop()[pri:0, instance:test.DealDeckTest@42714a7]" name="pop" duration-ms="392" started-at="2017-04-28T23:41:24Z" finished-at="2017-04-28T23:41:24Z">
          <reporter-output>
          </reporter-output>
        </test-method> <!-- pop -->
        <test-method status="PASS" signature="afterClass()[pri:0, instance:test.DealDeckTest@42714a7]" name="afterClass" is-config="true" duration-ms="0" started-at="2017-04-28T23:41:24Z" finished-at="2017-04-28T23:41:24Z">
          <reporter-output>
          </reporter-output>
        </test-method> <!-- afterClass -->
        <test-method status="PASS" signature="beforeClass()[pri:0, instance:test.DealDeckTest@42714a7]" name="beforeClass" is-config="true" duration-ms="10" started-at="2017-04-28T23:41:24Z" finished-at="2017-04-28T23:41:24Z">
          <reporter-output>
          </reporter-output>
        </test-method> <!-- beforeClass -->
        <test-method status="PASS" signature="reset()[pri:0, instance:test.DealDeckTest@42714a7]" name="reset" duration-ms="2" started-at="2017-04-28T23:41:24Z" finished-at="2017-04-28T23:41:24Z">
          <reporter-output>
          </reporter-output>
        </test-method> <!-- reset -->
        <test-method status="PASS" signature="afterClass()[pri:0, instance:test.DealDeckTest@42714a7]" name="afterClass" is-config="true" duration-ms="0" started-at="2017-04-28T23:41:24Z" finished-at="2017-04-28T23:41:24Z">
          <reporter-output>
          </reporter-output>
        </test-method> <!-- afterClass -->
        <test-method status="PASS" signature="beforeClass()[pri:0, instance:test.DealDeckTest@42714a7]" name="beforeClass" is-config="true" duration-ms="9" started-at="2017-04-28T23:41:24Z" finished-at="2017-04-28T23:41:24Z">
          <reporter-output>
          </reporter-output>
        </test-method> <!-- beforeClass -->
        <test-method status="PASS" signature="setDeck()[pri:0, instance:test.DealDeckTest@42714a7]" name="setDeck" duration-ms="7" started-at="2017-04-28T23:41:24Z" finished-at="2017-04-28T23:41:24Z">
          <reporter-output>
          </reporter-output>
        </test-method> <!-- setDeck -->
        <test-method status="PASS" signature="afterClass()[pri:0, instance:test.DealDeckTest@42714a7]" name="afterClass" is-config="true" duration-ms="0" started-at="2017-04-28T23:41:24Z" finished-at="2017-04-28T23:41:24Z">
          <reporter-output>
          </reporter-output>
        </test-method> <!-- afterClass -->
        <test-method status="PASS" signature="beforeClass()[pri:0, instance:test.DealDeckTest@42714a7]" name="beforeClass" is-config="true" duration-ms="7" started-at="2017-04-28T23:41:24Z" finished-at="2017-04-28T23:41:24Z">
          <reporter-output>
          </reporter-output>
        </test-method> <!-- beforeClass -->
        <test-method status="PASS" signature="setDeckThroughs()[pri:0, instance:test.DealDeckTest@42714a7]" name="setDeckThroughs" duration-ms="1" started-at="2017-04-28T23:41:24Z" finished-at="2017-04-28T23:41:24Z">
          <reporter-output>
          </reporter-output>
        </test-method> <!-- setDeckThroughs -->
        <test-method status="PASS" signature="beforeClass()[pri:0, instance:test.DealDeckTest@42714a7]" name="beforeClass" is-config="true" duration-ms="8" started-at="2017-04-28T23:41:24Z" finished-at="2017-04-28T23:41:24Z">
          <reporter-output>
          </reporter-output>
        </test-method> <!-- beforeClass -->
        <test-method status="PASS" signature="afterClass()[pri:0, instance:test.DealDeckTest@42714a7]" name="afterClass" is-config="true" duration-ms="0" started-at="2017-04-28T23:41:24Z" finished-at="2017-04-28T23:41:24Z">
          <reporter-output>
          </reporter-output>
        </test-method> <!-- afterClass -->
        <test-method status="PASS" signature="setDifficulty()[pri:0, instance:test.DealDeckTest@42714a7]" name="setDifficulty" duration-ms="1" started-at="2017-04-28T23:41:24Z" finished-at="2017-04-28T23:41:24Z">
          <reporter-output>
          </reporter-output>
        </test-method> <!-- setDifficulty -->
        <test-method status="PASS" signature="afterClass()[pri:0, instance:test.DealDeckTest@42714a7]" name="afterClass" is-config="true" duration-ms="0" started-at="2017-04-28T23:41:24Z" finished-at="2017-04-28T23:41:24Z">
          <reporter-output>
          </reporter-output>
        </test-method> <!-- afterClass -->
        <test-method status="PASS" signature="beforeClass()[pri:0, instance:test.DealDeckTest@42714a7]" name="beforeClass" is-config="true" duration-ms="7" started-at="2017-04-28T23:41:24Z" finished-at="2017-04-28T23:41:24Z">
          <reporter-output>
          </reporter-output>
        </test-method> <!-- beforeClass -->
        <test-method status="PASS" signature="setDrawCount()[pri:0, instance:test.DealDeckTest@42714a7]" name="setDrawCount" duration-ms="13" started-at="2017-04-28T23:41:24Z" finished-at="2017-04-28T23:41:24Z">
          <reporter-output>
          </reporter-output>
        </test-method> <!-- setDrawCount -->
        <test-method status="PASS" signature="beforeClass()[pri:0, instance:test.DealDeckTest@42714a7]" name="beforeClass" is-config="true" duration-ms="8" started-at="2017-04-28T23:41:24Z" finished-at="2017-04-28T23:41:24Z">
          <reporter-output>
          </reporter-output>
        </test-method> <!-- beforeClass -->
        <test-method status="PASS" signature="afterClass()[pri:0, instance:test.DealDeckTest@42714a7]" name="afterClass" is-config="true" duration-ms="0" started-at="2017-04-28T23:41:24Z" finished-at="2017-04-28T23:41:24Z">
          <reporter-output>
          </reporter-output>
        </test-method> <!-- afterClass -->
        <test-method status="PASS" signature="undoPop()[pri:0, instance:test.DealDeckTest@42714a7]" name="undoPop" duration-ms="629" started-at="2017-04-28T23:41:24Z" finished-at="2017-04-28T23:41:25Z">
          <reporter-output>
          </reporter-output>
        </test-method> <!-- undoPop -->
        <test-method status="PASS" signature="afterClass()[pri:0, instance:test.DealDeckTest@42714a7]" name="afterClass" is-config="true" duration-ms="0" started-at="2017-04-28T23:41:25Z" finished-at="2017-04-28T23:41:25Z">
          <reporter-output>
          </reporter-output>
        </test-method> <!-- afterClass -->
      </class> <!-- test.DealDeckTest -->
    </test> <!-- Default test -->
  </suite> <!-- Default suite -->
</testng-results>
