<?xml version="1.0" encoding="UTF-8"?>
<testng-results skipped="0" failed="0" ignored="0" total="6" passed="6">
  <reporter-output>
  </reporter-output>
  <suite name="Default suite" duration-ms="6888" started-at="2017-04-30T10:26:37Z" finished-at="2017-04-30T10:26:44Z">
    <groups>
    </groups>
    <test name="Default test" duration-ms="6888" started-at="2017-04-30T10:26:37Z" finished-at="2017-04-30T10:26:44Z">
      <class name="test.ChangeOptionsTest">
        <test-method status="PASS" signature="beforeClass()[pri:0, instance:test.ChangeOptionsTest@524a2ffb]" name="beforeClass" is-config="true" duration-ms="5342" started-at="2017-04-30T05:26:37Z" finished-at="2017-04-30T05:26:42Z">
          <reporter-output>
          </reporter-output>
        </test-method> <!-- beforeClass -->
        <test-method status="PASS" signature="ChangeOptions()[pri:0, instance:test.ChangeOptionsTest@524a2ffb]" name="ChangeOptions" duration-ms="1485" started-at="2017-04-30T05:26:42Z" finished-at="2017-04-30T05:26:44Z">
          <reporter-output>
          </reporter-output>
        </test-method> <!-- ChangeOptions -->
        <test-method status="PASS" signature="getAnimation()[pri:0, instance:test.ChangeOptionsTest@524a2ffb]" name="getAnimation" duration-ms="2" started-at="2017-04-30T05:26:44Z" finished-at="2017-04-30T05:26:44Z">
          <reporter-output>
          </reporter-output>
        </test-method> <!-- getAnimation -->
        <test-method status="PASS" signature="getDifficulty()[pri:0, instance:test.ChangeOptionsTest@524a2ffb]" name="getDifficulty" duration-ms="1" started-at="2017-04-30T05:26:44Z" finished-at="2017-04-30T05:26:44Z">
          <reporter-output>
          </reporter-output>
        </test-method> <!-- getDifficulty -->
        <test-method status="PASS" signature="getDrawCount()[pri:0, instance:test.ChangeOptionsTest@524a2ffb]" name="getDrawCount" duration-ms="2" started-at="2017-04-30T05:26:44Z" finished-at="2017-04-30T05:26:44Z">
          <reporter-output>
          </reporter-output>
        </test-method> <!-- getDrawCount -->
        <test-method status="PASS" signature="getSounds()[pri:0, instance:test.ChangeOptionsTest@524a2ffb]" name="getSounds" duration-ms="1" started-at="2017-04-30T05:26:44Z" finished-at="2017-04-30T05:26:44Z">
          <reporter-output>
          </reporter-output>
        </test-method> <!-- getSounds -->
        <test-method status="PASS" signature="getTimer()[pri:0, instance:test.ChangeOptionsTest@524a2ffb]" name="getTimer" duration-ms="2" started-at="2017-04-30T05:26:44Z" finished-at="2017-04-30T05:26:44Z">
          <reporter-output>
          </reporter-output>
        </test-method> <!-- getTimer -->
        <test-method status="PASS" signature="afterClass()[pri:0, instance:test.ChangeOptionsTest@524a2ffb]" name="afterClass" is-config="true" duration-ms="1" started-at="2017-04-30T05:26:44Z" finished-at="2017-04-30T05:26:44Z">
          <reporter-output>
          </reporter-output>
        </test-method> <!-- afterClass -->
      </class> <!-- test.ChangeOptionsTest -->
    </test> <!-- Default test -->
  </suite> <!-- Default suite -->
</testng-results>
