<?xml version="1.0" encoding="UTF-8"?>
<testng-results skipped="0" failed="0" ignored="0" total="12" passed="12">
  <reporter-output>
  </reporter-output>
  <suite name="Default suite" duration-ms="224" started-at="2017-04-30T09:02:06Z" finished-at="2017-04-30T09:02:06Z">
    <groups>
    </groups>
    <test name="Default test" duration-ms="224" started-at="2017-04-30T09:02:06Z" finished-at="2017-04-30T09:02:06Z">
      <class name="test.DiscardPileTest">
        <test-method status="PASS" signature="setUp()[pri:0, instance:test.DiscardPileTest@24a67]" name="setUp" is-config="true" duration-ms="102" started-at="2017-04-30T05:02:06Z" finished-at="2017-04-30T05:02:06Z">
          <reporter-output>
          </reporter-output>
        </test-method> <!-- setUp -->
        <test-method status="PASS" signature="DiscardPile()[pri:0, instance:test.DiscardPileTest@24a67]" name="DiscardPile" duration-ms="5" started-at="2017-04-30T05:02:06Z" finished-at="2017-04-30T05:02:06Z">
          <reporter-output>
          </reporter-output>
        </test-method> <!-- DiscardPile -->
        <test-method status="PASS" signature="addCard()[pri:0, instance:test.DiscardPileTest@24a67]" name="addCard" duration-ms="30" started-at="2017-04-30T05:02:06Z" finished-at="2017-04-30T05:02:06Z">
          <reporter-output>
          </reporter-output>
        </test-method> <!-- addCard -->
        <test-method status="PASS" signature="addStack()[pri:0, instance:test.DiscardPileTest@24a67]" name="addStack" duration-ms="9" started-at="2017-04-30T05:02:06Z" finished-at="2017-04-30T05:02:06Z">
          <reporter-output>
          </reporter-output>
        </test-method> <!-- addStack -->
        <test-method status="PASS" signature="isValidMoveCard()[pri:0, instance:test.DiscardPileTest@24a67]" name="isValidMoveCard" duration-ms="2" started-at="2017-04-30T05:02:06Z" finished-at="2017-04-30T05:02:06Z">
          <reporter-output>
          </reporter-output>
        </test-method> <!-- isValidMoveCard -->
        <test-method status="PASS" signature="isValidMoveCardStack()[pri:0, instance:test.DiscardPileTest@24a67]" name="isValidMoveCardStack" duration-ms="1" started-at="2017-04-30T05:02:06Z" finished-at="2017-04-30T05:02:06Z">
          <reporter-output>
          </reporter-output>
        </test-method> <!-- isValidMoveCardStack -->
        <test-method status="PASS" signature="pop()[pri:0, instance:test.DiscardPileTest@24a67]" name="pop" duration-ms="4" started-at="2017-04-30T05:02:06Z" finished-at="2017-04-30T05:02:06Z">
          <reporter-output>
          </reporter-output>
        </test-method> <!-- pop -->
        <test-method status="PASS" signature="pushCard()[pri:0, instance:test.DiscardPileTest@24a67]" name="pushCard" duration-ms="9" started-at="2017-04-30T05:02:06Z" finished-at="2017-04-30T05:02:06Z">
          <reporter-output>
          </reporter-output>
        </test-method> <!-- pushCard -->
        <test-method status="PASS" signature="pushCardStack()[pri:0, instance:test.DiscardPileTest@24a67]" name="pushCardStack" duration-ms="6" started-at="2017-04-30T05:02:06Z" finished-at="2017-04-30T05:02:06Z">
          <reporter-output>
          </reporter-output>
        </test-method> <!-- pushCardStack -->
        <test-method status="PASS" signature="setView()[pri:0, instance:test.DiscardPileTest@24a67]" name="setView" duration-ms="2" started-at="2017-04-30T05:02:06Z" finished-at="2017-04-30T05:02:06Z">
          <reporter-output>
          </reporter-output>
        </test-method> <!-- setView -->
        <test-method status="PASS" signature="testGetCardAtLocationPoint()[pri:0, instance:test.DiscardPileTest@24a67]" name="testGetCardAtLocationPoint" duration-ms="2" started-at="2017-04-30T05:02:06Z" finished-at="2017-04-30T05:02:06Z">
          <reporter-output>
          </reporter-output>
        </test-method> <!-- testGetCardAtLocationPoint -->
        <test-method status="PASS" signature="testGetNumViewableCards()[pri:0, instance:test.DiscardPileTest@24a67]" name="testGetNumViewableCards" duration-ms="2" started-at="2017-04-30T05:02:06Z" finished-at="2017-04-30T05:02:06Z">
          <reporter-output>
          </reporter-output>
        </test-method> <!-- testGetNumViewableCards -->
        <test-method status="PASS" signature="testUndoPop()[pri:0, instance:test.DiscardPileTest@24a67]" name="testUndoPop" duration-ms="2" started-at="2017-04-30T05:02:06Z" finished-at="2017-04-30T05:02:06Z">
          <reporter-output>
          </reporter-output>
        </test-method> <!-- testUndoPop -->
        <test-method status="PASS" signature="tearDown()[pri:0, instance:test.DiscardPileTest@24a67]" name="tearDown" is-config="true" duration-ms="0" started-at="2017-04-30T05:02:06Z" finished-at="2017-04-30T05:02:06Z">
          <reporter-output>
          </reporter-output>
        </test-method> <!-- tearDown -->
      </class> <!-- test.DiscardPileTest -->
    </test> <!-- Default test -->
  </suite> <!-- Default suite -->
</testng-results>
